SF:/app/autumn/src/actuator.rs
FN:98,_RNvMNtCslNlzF6u6e2e_10autumn_web8actuatorNtB2_9LogLevels13current_level
FN:106,_RNvMNtCslNlzF6u6e2e_10autumn_web8actuatorNtB2_9LogLevels16logger_overrides
FN:115,_RNvMNtCslNlzF6u6e2e_10autumn_web8actuatorNtB2_9LogLevels16set_logger_level
FN:87,_RNvMNtCslNlzF6u6e2e_10autumn_web8actuatorNtB2_9LogLevels3new
FN:207,_RNvMs0_NtCslNlzF6u6e2e_10autumn_web8actuatorNtB5_12TaskRegistry12record_start
FN:230,_RNvMs0_NtCslNlzF6u6e2e_10autumn_web8actuatorNtB5_12TaskRegistry14record_failure
FN:216,_RNvMs0_NtCslNlzF6u6e2e_10autumn_web8actuatorNtB5_12TaskRegistry14record_success
FN:181,_RNvMs0_NtCslNlzF6u6e2e_10autumn_web8actuatorNtB5_12TaskRegistry3new
FN:188,_RNvMs0_NtCslNlzF6u6e2e_10autumn_web8actuatorNtB5_12TaskRegistry8register
FN:246,_RNvMs0_NtCslNlzF6u6e2e_10autumn_web8actuatorNtB5_12TaskRegistry8snapshot
FN:287,_RNvMs3_NtCslNlzF6u6e2e_10autumn_web8actuatorNtB5_16ConfigProperties11from_config
FN:337,_RNvMs3_NtCslNlzF6u6e2e_10autumn_web8actuatorNtB5_16ConfigProperties14track_db_props
FN:587,_RNvMs3_NtCslNlzF6u6e2e_10autumn_web8actuatorNtB5_16ConfigProperties14track_property
FN:354,_RNvMs3_NtCslNlzF6u6e2e_10autumn_web8actuatorNtB5_16ConfigProperties15track_log_props
FN:444,_RNvMs3_NtCslNlzF6u6e2e_10autumn_web8actuatorNtB5_16ConfigProperties18track_health_props
FN:308,_RNvMs3_NtCslNlzF6u6e2e_10autumn_web8actuatorNtB5_16ConfigProperties18track_server_props
FN:509,_RNvMs3_NtCslNlzF6u6e2e_10autumn_web8actuatorNtB5_16ConfigProperties19track_session_props
FN:487,_RNvMs3_NtCslNlzF6u6e2e_10autumn_web8actuatorNtB5_16ConfigProperties20track_actuator_props
FN:376,_RNvMs3_NtCslNlzF6u6e2e_10autumn_web8actuatorNtB5_16ConfigProperties21track_telemetry_props
FN:623,_RNvMs3_NtCslNlzF6u6e2e_10autumn_web8actuatorNtB5_16ConfigProperties8snapshot
FN:1959,_RNvNtCslNlzF6u6e2e_10autumn_web8actuator12ui_dashboard
FN:777,_RNvNtCslNlzF6u6e2e_10autumn_web8actuator13should_redact
FN:1064,_RNvNtCslNlzF6u6e2e_10autumn_web8actuator19actuator_route_glob
FN:1073,_RNvNtCslNlzF6u6e2e_10autumn_web8actuator19actuator_route_path
FN:1082,_RNvNtCslNlzF6u6e2e_10autumn_web8actuator23actuator_endpoint_paths
FN:1050,_RNvNtCslNlzF6u6e2e_10autumn_web8actuator25normalize_actuator_prefix
FN:255,_RNvXs1_NtCslNlzF6u6e2e_10autumn_web8actuatorNtB5_12TaskRegistryNtNtCs4kUJL3MZFFz_4core7default7Default7default
FN:261,_RNvXs2_NtCslNlzF6u6e2e_10autumn_web8actuatorNtB5_12TaskRegistryNtNtCs4kUJL3MZFFz_4core3fmt5Debug3fmt
FN:140,_RNvXs_NtCslNlzF6u6e2e_10autumn_web8actuatorNtB4_9LogLevelsNtNtCs4kUJL3MZFFz_4core3fmt5Debug3fmt
FN:1112,_RINvNtCslNlzF6u6e2e_10autumn_web8actuator15actuator_routerpEB4_
FN:2014,_RINvNtCslNlzF6u6e2e_10autumn_web8actuator10ui_metricsNtNtB4_5state8AppStateEB4_
FN:935,_RINvNtCslNlzF6u6e2e_10autumn_web8actuator11loggers_getNtNtB4_5state8AppStateEB4_
FN:952,_RINvNtCslNlzF6u6e2e_10autumn_web8actuator11loggers_putNtNtB4_5state8AppStateEB4_
FN:783,_RINvNtCslNlzF6u6e2e_10autumn_web8actuator12env_endpointNtNtB4_5state8AppStateEB4_
FN:989,_RINvNtCslNlzF6u6e2e_10autumn_web8actuator14tasks_endpointNtNtB4_5state8AppStateEB4_
FN:802,_RINvNtCslNlzF6u6e2e_10autumn_web8actuator16metrics_endpointNtNtB4_5state8AppStateEB4_
FN:832,_RINvNtCslNlzF6u6e2e_10autumn_web8actuator19prometheus_endpointNtNtB4_5state8AppStateEB4_
FN:910,_RINvNtCslNlzF6u6e2e_10autumn_web8actuator20configprops_endpointNtNtB4_5state8AppStateEB4_
FN:1121,_RINvNtCslNlzF6u6e2e_10autumn_web8actuator27actuator_router_with_prefixNtNtB4_5state8AppStateEB4_
FN:739,_RINvNtCslNlzF6u6e2e_10autumn_web8actuator4infoNtNtB4_5state8AppStateEB4_
FN:659,_RINvNtCslNlzF6u6e2e_10autumn_web8actuator6healthNtNtB4_5state8AppStateEB4_
FN:2056,_RINvNtCslNlzF6u6e2e_10autumn_web8actuator8ui_tasksNtNtB4_5state8AppStateEB4_
FN:2014,_RNCINvNtCslNlzF6u6e2e_10autumn_web8actuator10ui_metricsNtNtB6_5state8AppStateE0B6_
FN:937,_RNCINvNtCslNlzF6u6e2e_10autumn_web8actuator11loggers_getNtNtB6_5state8AppStateE0B6_
FN:956,_RNCINvNtCslNlzF6u6e2e_10autumn_web8actuator11loggers_putNtNtB6_5state8AppStateE0B6_
FN:785,_RNCINvNtCslNlzF6u6e2e_10autumn_web8actuator12env_endpointNtNtB6_5state8AppStateE0B6_
FN:991,_RNCINvNtCslNlzF6u6e2e_10autumn_web8actuator14tasks_endpointNtNtB6_5state8AppStateE0B6_
FN:804,_RNCINvNtCslNlzF6u6e2e_10autumn_web8actuator16metrics_endpointNtNtB6_5state8AppStateE0B6_
FN:834,_RNCINvNtCslNlzF6u6e2e_10autumn_web8actuator19prometheus_endpointNtNtB6_5state8AppStateE0B6_
FN:912,_RNCINvNtCslNlzF6u6e2e_10autumn_web8actuator20configprops_endpointNtNtB6_5state8AppStateE0B6_
FN:741,_RNCINvNtCslNlzF6u6e2e_10autumn_web8actuator4infoNtNtB6_5state8AppStateE0B6_
FN:661,_RNCINvNtCslNlzF6u6e2e_10autumn_web8actuator6healthNtNtB6_5state8AppStateE0B6_
FN:2056,_RNCINvNtCslNlzF6u6e2e_10autumn_web8actuator8ui_tasksNtNtB6_5state8AppStateE0B6_
FN:790,_RNCNCINvNtCslNlzF6u6e2e_10autumn_web8actuator12env_endpointNtNtB8_5state8AppStateE00B8_
FN:744,_RNCNCINvNtCslNlzF6u6e2e_10autumn_web8actuator4infoNtNtB8_5state8AppStateE00B8_
FN:745,_RNCNCINvNtCslNlzF6u6e2e_10autumn_web8actuator4infoNtNtB8_5state8AppStateE0s_0B8_
FN:693,_RNCNCINvNtCslNlzF6u6e2e_10autumn_web8actuator6healthNtNtB8_5state8AppStateE00B8_
FN:101,_RNCNvMNtCslNlzF6u6e2e_10autumn_web8actuatorNtB4_9LogLevels13current_level0B6_
FN:101,_RNCNvMNtCslNlzF6u6e2e_10autumn_web8actuatorNtB4_9LogLevels13current_levels_0B6_
FN:109,_RNCNvMNtCslNlzF6u6e2e_10autumn_web8actuatorNtB4_9LogLevels16logger_overrides0B6_
FN:249,_RNCNvMs0_NtCslNlzF6u6e2e_10autumn_web8actuatorNtB7_12TaskRegistry8snapshot0B9_
FN:626,_RNCNvMs3_NtCslNlzF6u6e2e_10autumn_web8actuatorNtB7_16ConfigProperties8snapshot0B9_
FN:1959,_RNCNvNtCslNlzF6u6e2e_10autumn_web8actuator12ui_dashboard0B5_
FN:779,_RNCNvNtCslNlzF6u6e2e_10autumn_web8actuator13should_redact0B5_
FN:1218,_RNCNvNtNtCs39mWnhFxKmJ_10autumn_web8actuator5tests22test_state_with_config0B7_
FN:1234,_RNCNvNtNtCs39mWnhFxKmJ_10autumn_web8actuator5testss_26actuator_health_returns_ok0B7_
FN:1292,_RNCNvNtNtCs39mWnhFxKmJ_10autumn_web8actuator5testss_30actuator_info_returns_metadata0B7_
FN:1551,_RNCNvNtNtCs39mWnhFxKmJ_10autumn_web8actuator5testss_34actuator_loggers_put_changes_level0B7_
FN:1529,_RNCNvNtNtCs39mWnhFxKmJ_10autumn_web8actuator5testss_35actuator_loggers_get_returns_levels0B7_
FN:1382,_RNCNvNtNtCs39mWnhFxKmJ_10autumn_web8actuator5testss_35actuator_metrics_returns_http_stats0B7_
FN:1640,_RNCNvNtNtCs39mWnhFxKmJ_10autumn_web8actuator5testss_35actuator_prometheus_returns_metrics0B7_
FN:1257,_RNCNvNtNtCs39mWnhFxKmJ_10autumn_web8actuator5testss_37actuator_routes_respect_custom_prefix0B7_
FN:1462,_RNCNvNtNtCs39mWnhFxKmJ_10autumn_web8actuator5testss_39actuator_configprops_returns_properties0B7_
FN:1701,_RNCNvNtNtCs39mWnhFxKmJ_10autumn_web8actuator5testss_39actuator_tasks_returns_registered_tasks0B7_
FN:1314,_RNCNvNtNtCs39mWnhFxKmJ_10autumn_web8actuator5testss_40actuator_env_available_in_sensitive_mode0B7_
FN:1356,_RNCNvNtNtCs39mWnhFxKmJ_10autumn_web8actuator5testss_40actuator_env_hidden_in_nonsensitive_mode0B7_
FN:1582,_RNCNvNtNtCs39mWnhFxKmJ_10autumn_web8actuator5testss_42actuator_loggers_put_rejects_invalid_level0B7_
FN:1733,_RNCNvNtNtCs39mWnhFxKmJ_10autumn_web8actuator5testss_42actuator_tasks_hidden_in_nonsensitive_mode0B7_
FN:1605,_RNCNvNtNtCs39mWnhFxKmJ_10autumn_web8actuator5testss_44actuator_loggers_hidden_in_nonsensitive_mode0B7_
FN:1409,_RNCNvNtNtCs39mWnhFxKmJ_10autumn_web8actuator5testss_47actuator_metrics_available_in_nonsensitive_mode0B7_
FN:1684,_RNCNvNtNtCs39mWnhFxKmJ_10autumn_web8actuator5testss_47actuator_prometheus_hidden_in_nonsensitive_mode0B7_
FN:1913,_RNCNvNtNtCs39mWnhFxKmJ_10autumn_web8actuator5testss_47actuator_ui_tasks_returns_html_or_unimplemented0B7_
FN:1484,_RNCNvNtNtCs39mWnhFxKmJ_10autumn_web8actuator5testss_48actuator_configprops_hidden_in_nonsensitive_mode0B7_
FN:1888,_RNCNvNtNtCs39mWnhFxKmJ_10autumn_web8actuator5testss_49actuator_ui_metrics_returns_html_or_unimplemented0B7_
FN:1425,_RNCNvNtNtCs39mWnhFxKmJ_10autumn_web8actuator5testss_51actuator_metrics_returns_db_stats_when_pool_present0B7_
FN:1863,_RNCNvNtNtCs39mWnhFxKmJ_10autumn_web8actuator5testss_51actuator_ui_dashboard_returns_html_or_unimplemented0B7_
FN:255,_RNvXs1_NtCs39mWnhFxKmJ_10autumn_web8actuatorNtB5_12TaskRegistryNtNtCs4kUJL3MZFFz_4core7default7Default7default
FN:261,_RNvXs2_NtCs39mWnhFxKmJ_10autumn_web8actuatorNtB5_12TaskRegistryNtNtCs4kUJL3MZFFz_4core3fmt5Debug3fmt
FN:140,_RNvXs_NtCs39mWnhFxKmJ_10autumn_web8actuatorNtB4_9LogLevelsNtNtCs4kUJL3MZFFz_4core3fmt5Debug3fmt
FN:98,_RNvMNtCs39mWnhFxKmJ_10autumn_web8actuatorNtB2_9LogLevels13current_level
FN:106,_RNvMNtCs39mWnhFxKmJ_10autumn_web8actuatorNtB2_9LogLevels16logger_overrides
FN:115,_RNvMNtCs39mWnhFxKmJ_10autumn_web8actuatorNtB2_9LogLevels16set_logger_level
FN:87,_RNvMNtCs39mWnhFxKmJ_10autumn_web8actuatorNtB2_9LogLevels3new
FN:207,_RNvMs0_NtCs39mWnhFxKmJ_10autumn_web8actuatorNtB5_12TaskRegistry12record_start
FN:230,_RNvMs0_NtCs39mWnhFxKmJ_10autumn_web8actuatorNtB5_12TaskRegistry14record_failure
FN:216,_RNvMs0_NtCs39mWnhFxKmJ_10autumn_web8actuatorNtB5_12TaskRegistry14record_success
FN:181,_RNvMs0_NtCs39mWnhFxKmJ_10autumn_web8actuatorNtB5_12TaskRegistry3new
FN:188,_RNvMs0_NtCs39mWnhFxKmJ_10autumn_web8actuatorNtB5_12TaskRegistry8register
FN:246,_RNvMs0_NtCs39mWnhFxKmJ_10autumn_web8actuatorNtB5_12TaskRegistry8snapshot
FN:287,_RNvMs3_NtCs39mWnhFxKmJ_10autumn_web8actuatorNtB5_16ConfigProperties11from_config
FN:337,_RNvMs3_NtCs39mWnhFxKmJ_10autumn_web8actuatorNtB5_16ConfigProperties14track_db_props
FN:587,_RNvMs3_NtCs39mWnhFxKmJ_10autumn_web8actuatorNtB5_16ConfigProperties14track_property
FN:354,_RNvMs3_NtCs39mWnhFxKmJ_10autumn_web8actuatorNtB5_16ConfigProperties15track_log_props
FN:444,_RNvMs3_NtCs39mWnhFxKmJ_10autumn_web8actuatorNtB5_16ConfigProperties18track_health_props
FN:308,_RNvMs3_NtCs39mWnhFxKmJ_10autumn_web8actuatorNtB5_16ConfigProperties18track_server_props
FN:509,_RNvMs3_NtCs39mWnhFxKmJ_10autumn_web8actuatorNtB5_16ConfigProperties19track_session_props
FN:487,_RNvMs3_NtCs39mWnhFxKmJ_10autumn_web8actuatorNtB5_16ConfigProperties20track_actuator_props
FN:376,_RNvMs3_NtCs39mWnhFxKmJ_10autumn_web8actuatorNtB5_16ConfigProperties21track_telemetry_props
FN:623,_RNvMs3_NtCs39mWnhFxKmJ_10autumn_web8actuatorNtB5_16ConfigProperties8snapshot
FN:1959,_RNvNtCs39mWnhFxKmJ_10autumn_web8actuator12ui_dashboard
FN:777,_RNvNtCs39mWnhFxKmJ_10autumn_web8actuator13should_redact
FN:1064,_RNvNtCs39mWnhFxKmJ_10autumn_web8actuator19actuator_route_glob
FN:1073,_RNvNtCs39mWnhFxKmJ_10autumn_web8actuator19actuator_route_path
FN:1082,_RNvNtCs39mWnhFxKmJ_10autumn_web8actuator23actuator_endpoint_paths
FN:1050,_RNvNtCs39mWnhFxKmJ_10autumn_web8actuator25normalize_actuator_prefix
FN:2014,_RINvNtCs39mWnhFxKmJ_10autumn_web8actuator10ui_metricsNtNtB4_5state8AppStateEB4_
FN:935,_RINvNtCs39mWnhFxKmJ_10autumn_web8actuator11loggers_getNtNtB4_5state8AppStateEB4_
FN:952,_RINvNtCs39mWnhFxKmJ_10autumn_web8actuator11loggers_putNtNtB4_5state8AppStateEB4_
FN:783,_RINvNtCs39mWnhFxKmJ_10autumn_web8actuator12env_endpointNtNtB4_5state8AppStateEB4_
FN:989,_RINvNtCs39mWnhFxKmJ_10autumn_web8actuator14tasks_endpointNtNtB4_5state8AppStateEB4_
FN:1112,_RINvNtCs39mWnhFxKmJ_10autumn_web8actuator15actuator_routerNtNtB4_5state8AppStateEB4_
FN:802,_RINvNtCs39mWnhFxKmJ_10autumn_web8actuator16metrics_endpointNtNtB4_5state8AppStateEB4_
FN:832,_RINvNtCs39mWnhFxKmJ_10autumn_web8actuator19prometheus_endpointNtNtB4_5state8AppStateEB4_
FN:910,_RINvNtCs39mWnhFxKmJ_10autumn_web8actuator20configprops_endpointNtNtB4_5state8AppStateEB4_
FN:1121,_RINvNtCs39mWnhFxKmJ_10autumn_web8actuator27actuator_router_with_prefixNtNtB4_5state8AppStateEB4_
FN:739,_RINvNtCs39mWnhFxKmJ_10autumn_web8actuator4infoNtNtB4_5state8AppStateEB4_
FN:659,_RINvNtCs39mWnhFxKmJ_10autumn_web8actuator6healthNtNtB4_5state8AppStateEB4_
FN:2056,_RINvNtCs39mWnhFxKmJ_10autumn_web8actuator8ui_tasksNtNtB4_5state8AppStateEB4_
FN:2014,_RNCINvNtCs39mWnhFxKmJ_10autumn_web8actuator10ui_metricsNtNtB6_5state8AppStateE0B6_
FN:937,_RNCINvNtCs39mWnhFxKmJ_10autumn_web8actuator11loggers_getNtNtB6_5state8AppStateE0B6_
FN:956,_RNCINvNtCs39mWnhFxKmJ_10autumn_web8actuator11loggers_putNtNtB6_5state8AppStateE0B6_
FN:785,_RNCINvNtCs39mWnhFxKmJ_10autumn_web8actuator12env_endpointNtNtB6_5state8AppStateE0B6_
FN:991,_RNCINvNtCs39mWnhFxKmJ_10autumn_web8actuator14tasks_endpointNtNtB6_5state8AppStateE0B6_
FN:804,_RNCINvNtCs39mWnhFxKmJ_10autumn_web8actuator16metrics_endpointNtNtB6_5state8AppStateE0B6_
FN:834,_RNCINvNtCs39mWnhFxKmJ_10autumn_web8actuator19prometheus_endpointNtNtB6_5state8AppStateE0B6_
FN:912,_RNCINvNtCs39mWnhFxKmJ_10autumn_web8actuator20configprops_endpointNtNtB6_5state8AppStateE0B6_
FN:741,_RNCINvNtCs39mWnhFxKmJ_10autumn_web8actuator4infoNtNtB6_5state8AppStateE0B6_
FN:661,_RNCINvNtCs39mWnhFxKmJ_10autumn_web8actuator6healthNtNtB6_5state8AppStateE0B6_
FN:2056,_RNCINvNtCs39mWnhFxKmJ_10autumn_web8actuator8ui_tasksNtNtB6_5state8AppStateE0B6_
FN:790,_RNCNCINvNtCs39mWnhFxKmJ_10autumn_web8actuator12env_endpointNtNtB8_5state8AppStateE00B8_
FN:744,_RNCNCINvNtCs39mWnhFxKmJ_10autumn_web8actuator4infoNtNtB8_5state8AppStateE00B8_
FN:745,_RNCNCINvNtCs39mWnhFxKmJ_10autumn_web8actuator4infoNtNtB8_5state8AppStateE0s_0B8_
FN:693,_RNCNCINvNtCs39mWnhFxKmJ_10autumn_web8actuator6healthNtNtB8_5state8AppStateE00B8_
FN:101,_RNCNvMNtCs39mWnhFxKmJ_10autumn_web8actuatorNtB4_9LogLevels13current_level0B6_
FN:101,_RNCNvMNtCs39mWnhFxKmJ_10autumn_web8actuatorNtB4_9LogLevels13current_levels_0B6_
FN:109,_RNCNvMNtCs39mWnhFxKmJ_10autumn_web8actuatorNtB4_9LogLevels16logger_overrides0B6_
FN:249,_RNCNvMs0_NtCs39mWnhFxKmJ_10autumn_web8actuatorNtB7_12TaskRegistry8snapshot0B9_
FN:626,_RNCNvMs3_NtCs39mWnhFxKmJ_10autumn_web8actuatorNtB7_16ConfigProperties8snapshot0B9_
FN:1959,_RNCNvNtCs39mWnhFxKmJ_10autumn_web8actuator12ui_dashboard0B5_
FN:779,_RNCNvNtCs39mWnhFxKmJ_10autumn_web8actuator13should_redact0B5_
FN:1207,_RNvNtNtCs39mWnhFxKmJ_10autumn_web8actuator5tests10test_state
FN:1211,_RNvNtNtCs39mWnhFxKmJ_10autumn_web8actuator5tests22test_state_with_config
FN:1371,_RNvNtNtCs39mWnhFxKmJ_10autumn_web8actuator5testss_18redaction_patterns
FN:1620,_RNvNtNtCs39mWnhFxKmJ_10autumn_web8actuator5testss_22log_levels_set_and_get
FN:1234,_RNvNtNtCs39mWnhFxKmJ_10autumn_web8actuator5testss_26actuator_health_returns_ok
FN:1764,_RNvNtNtCs39mWnhFxKmJ_10autumn_web8actuator5testss_28task_registry_empty_snapshot
FN:1748,_RNvNtNtCs39mWnhFxKmJ_10autumn_web8actuator5testss_29task_registry_records_failure
FN:1292,_RNvNtNtCs39mWnhFxKmJ_10autumn_web8actuator5testss_30actuator_info_returns_metadata
FN:1630,_RNvNtNtCs39mWnhFxKmJ_10autumn_web8actuator5testss_31log_levels_root_updates_current
FN:1833,_RNvNtNtCs39mWnhFxKmJ_10autumn_web8actuator5testss_33configprops_tracks_custom_profile
FN:1512,_RNvNtNtCs39mWnhFxKmJ_10autumn_web8actuator5testss_33configprops_tracks_default_source
FN:1520,_RNvNtNtCs39mWnhFxKmJ_10autumn_web8actuator5testss_33configprops_tracks_profile_source
FN:1551,_RNvNtNtCs39mWnhFxKmJ_10autumn_web8actuator5testss_34actuator_loggers_put_changes_level
FN:1529,_RNvNtNtCs39mWnhFxKmJ_10autumn_web8actuator5testss_35actuator_loggers_get_returns_levels
FN:1382,_RNvNtNtCs39mWnhFxKmJ_10autumn_web8actuator5testss_35actuator_metrics_returns_http_stats
FN:1640,_RNvNtNtCs39mWnhFxKmJ_10autumn_web8actuator5testss_35actuator_prometheus_returns_metrics
FN:1499,_RNvNtNtCs39mWnhFxKmJ_10autumn_web8actuator5testss_36configprops_redacts_sensitive_values
FN:1846,_RNvNtNtCs39mWnhFxKmJ_10autumn_web8actuator5testss_36configprops_tracks_dev_prod_profiles
FN:1257,_RNvNtNtCs39mWnhFxKmJ_10autumn_web8actuator5testss_37actuator_routes_respect_custom_prefix
FN:1769,_RNvNtNtCs39mWnhFxKmJ_10autumn_web8actuator5testss_38log_levels_rejects_new_key_at_capacity
FN:1462,_RNvNtNtCs39mWnhFxKmJ_10autumn_web8actuator5testss_39actuator_configprops_returns_properties
FN:1701,_RNvNtNtCs39mWnhFxKmJ_10autumn_web8actuator5testss_39actuator_tasks_returns_registered_tasks
FN:1314,_RNvNtNtCs39mWnhFxKmJ_10autumn_web8actuator5testss_40actuator_env_available_in_sensitive_mode
FN:1356,_RNvNtNtCs39mWnhFxKmJ_10autumn_web8actuator5testss_40actuator_env_hidden_in_nonsensitive_mode
FN:1285,_RNvNtNtCs39mWnhFxKmJ_10autumn_web8actuator5testss_41actuator_route_helpers_normalize_prefixes
FN:1582,_RNvNtNtCs39mWnhFxKmJ_10autumn_web8actuator5testss_42actuator_loggers_put_rejects_invalid_level
FN:1733,_RNvNtNtCs39mWnhFxKmJ_10autumn_web8actuator5testss_42actuator_tasks_hidden_in_nonsensitive_mode
FN:1784,_RNvNtNtCs39mWnhFxKmJ_10autumn_web8actuator5testss_43log_levels_accepts_existing_key_at_capacity
FN:1605,_RNvNtNtCs39mWnhFxKmJ_10autumn_web8actuator5testss_44actuator_loggers_hidden_in_nonsensitive_mode
FN:1856,_RNvNtNtCs39mWnhFxKmJ_10autumn_web8actuator5testss_45configprops_returns_default_when_values_match
FN:1409,_RNvNtNtCs39mWnhFxKmJ_10autumn_web8actuator5testss_47actuator_metrics_available_in_nonsensitive_mode
FN:1684,_RNvNtNtCs39mWnhFxKmJ_10autumn_web8actuator5testss_47actuator_prometheus_hidden_in_nonsensitive_mode
FN:1913,_RNvNtNtCs39mWnhFxKmJ_10autumn_web8actuator5testss_47actuator_ui_tasks_returns_html_or_unimplemented
FN:1484,_RNvNtNtCs39mWnhFxKmJ_10autumn_web8actuator5testss_48actuator_configprops_hidden_in_nonsensitive_mode
FN:1888,_RNvNtNtCs39mWnhFxKmJ_10autumn_web8actuator5testss_49actuator_ui_metrics_returns_html_or_unimplemented
FN:1425,_RNvNtNtCs39mWnhFxKmJ_10autumn_web8actuator5testss_51actuator_metrics_returns_db_stats_when_pool_present
FN:1863,_RNvNtNtCs39mWnhFxKmJ_10autumn_web8actuator5testss_51actuator_ui_dashboard_returns_html_or_unimplemented
FN:1805,_RNvNtNtCs39mWnhFxKmJ_10autumn_web8actuator5testss_53task_registry_records_multiple_successes_and_failures
FNDA:0,_RNvMNtCslNlzF6u6e2e_10autumn_web8actuatorNtB2_9LogLevels13current_level
FNDA:0,_RNvMNtCslNlzF6u6e2e_10autumn_web8actuatorNtB2_9LogLevels16logger_overrides
FNDA:0,_RNvMNtCslNlzF6u6e2e_10autumn_web8actuatorNtB2_9LogLevels16set_logger_level
FNDA:41,_RNvMNtCslNlzF6u6e2e_10autumn_web8actuatorNtB2_9LogLevels3new
FNDA:0,_RNvMs0_NtCslNlzF6u6e2e_10autumn_web8actuatorNtB5_12TaskRegistry12record_start
FNDA:0,_RNvMs0_NtCslNlzF6u6e2e_10autumn_web8actuatorNtB5_12TaskRegistry14record_failure
FNDA:0,_RNvMs0_NtCslNlzF6u6e2e_10autumn_web8actuatorNtB5_12TaskRegistry14record_success
FNDA:41,_RNvMs0_NtCslNlzF6u6e2e_10autumn_web8actuatorNtB5_12TaskRegistry3new
FNDA:0,_RNvMs0_NtCslNlzF6u6e2e_10autumn_web8actuatorNtB5_12TaskRegistry8register
FNDA:0,_RNvMs0_NtCslNlzF6u6e2e_10autumn_web8actuatorNtB5_12TaskRegistry8snapshot
FNDA:0,_RNvMs3_NtCslNlzF6u6e2e_10autumn_web8actuatorNtB5_16ConfigProperties11from_config
FNDA:0,_RNvMs3_NtCslNlzF6u6e2e_10autumn_web8actuatorNtB5_16ConfigProperties14track_db_props
FNDA:0,_RNvMs3_NtCslNlzF6u6e2e_10autumn_web8actuatorNtB5_16ConfigProperties14track_property
FNDA:0,_RNvMs3_NtCslNlzF6u6e2e_10autumn_web8actuatorNtB5_16ConfigProperties15track_log_props
FNDA:0,_RNvMs3_NtCslNlzF6u6e2e_10autumn_web8actuatorNtB5_16ConfigProperties18track_health_props
FNDA:0,_RNvMs3_NtCslNlzF6u6e2e_10autumn_web8actuatorNtB5_16ConfigProperties18track_server_props
FNDA:0,_RNvMs3_NtCslNlzF6u6e2e_10autumn_web8actuatorNtB5_16ConfigProperties19track_session_props
FNDA:0,_RNvMs3_NtCslNlzF6u6e2e_10autumn_web8actuatorNtB5_16ConfigProperties20track_actuator_props
FNDA:0,_RNvMs3_NtCslNlzF6u6e2e_10autumn_web8actuatorNtB5_16ConfigProperties21track_telemetry_props
FNDA:0,_RNvMs3_NtCslNlzF6u6e2e_10autumn_web8actuatorNtB5_16ConfigProperties8snapshot
FNDA:0,_RNvNtCslNlzF6u6e2e_10autumn_web8actuator12ui_dashboard
FNDA:0,_RNvNtCslNlzF6u6e2e_10autumn_web8actuator13should_redact
FNDA:0,_RNvNtCslNlzF6u6e2e_10autumn_web8actuator19actuator_route_glob
FNDA:330,_RNvNtCslNlzF6u6e2e_10autumn_web8actuator19actuator_route_path
FNDA:33,_RNvNtCslNlzF6u6e2e_10autumn_web8actuator23actuator_endpoint_paths
FNDA:330,_RNvNtCslNlzF6u6e2e_10autumn_web8actuator25normalize_actuator_prefix
FNDA:0,_RNvXs1_NtCslNlzF6u6e2e_10autumn_web8actuatorNtB5_12TaskRegistryNtNtCs4kUJL3MZFFz_4core7default7Default7default
FNDA:0,_RNvXs2_NtCslNlzF6u6e2e_10autumn_web8actuatorNtB5_12TaskRegistryNtNtCs4kUJL3MZFFz_4core3fmt5Debug3fmt
FNDA:0,_RNvXs_NtCslNlzF6u6e2e_10autumn_web8actuatorNtB4_9LogLevelsNtNtCs4kUJL3MZFFz_4core3fmt5Debug3fmt
FNDA:0,_RINvNtCslNlzF6u6e2e_10autumn_web8actuator15actuator_routerpEB4_
FNDA:0,_RINvNtCslNlzF6u6e2e_10autumn_web8actuator10ui_metricsNtNtB4_5state8AppStateEB4_
FNDA:0,_RINvNtCslNlzF6u6e2e_10autumn_web8actuator11loggers_getNtNtB4_5state8AppStateEB4_
FNDA:0,_RINvNtCslNlzF6u6e2e_10autumn_web8actuator11loggers_putNtNtB4_5state8AppStateEB4_
FNDA:0,_RINvNtCslNlzF6u6e2e_10autumn_web8actuator12env_endpointNtNtB4_5state8AppStateEB4_
FNDA:0,_RINvNtCslNlzF6u6e2e_10autumn_web8actuator14tasks_endpointNtNtB4_5state8AppStateEB4_
FNDA:0,_RINvNtCslNlzF6u6e2e_10autumn_web8actuator16metrics_endpointNtNtB4_5state8AppStateEB4_
FNDA:0,_RINvNtCslNlzF6u6e2e_10autumn_web8actuator19prometheus_endpointNtNtB4_5state8AppStateEB4_
FNDA:0,_RINvNtCslNlzF6u6e2e_10autumn_web8actuator20configprops_endpointNtNtB4_5state8AppStateEB4_
FNDA:33,_RINvNtCslNlzF6u6e2e_10autumn_web8actuator27actuator_router_with_prefixNtNtB4_5state8AppStateEB4_
FNDA:0,_RINvNtCslNlzF6u6e2e_10autumn_web8actuator4infoNtNtB4_5state8AppStateEB4_
FNDA:1,_RINvNtCslNlzF6u6e2e_10autumn_web8actuator6healthNtNtB4_5state8AppStateEB4_
FNDA:0,_RINvNtCslNlzF6u6e2e_10autumn_web8actuator8ui_tasksNtNtB4_5state8AppStateEB4_
FNDA:0,_RNCINvNtCslNlzF6u6e2e_10autumn_web8actuator10ui_metricsNtNtB6_5state8AppStateE0B6_
FNDA:0,_RNCINvNtCslNlzF6u6e2e_10autumn_web8actuator11loggers_getNtNtB6_5state8AppStateE0B6_
FNDA:0,_RNCINvNtCslNlzF6u6e2e_10autumn_web8actuator11loggers_putNtNtB6_5state8AppStateE0B6_
FNDA:0,_RNCINvNtCslNlzF6u6e2e_10autumn_web8actuator12env_endpointNtNtB6_5state8AppStateE0B6_
FNDA:0,_RNCINvNtCslNlzF6u6e2e_10autumn_web8actuator14tasks_endpointNtNtB6_5state8AppStateE0B6_
FNDA:0,_RNCINvNtCslNlzF6u6e2e_10autumn_web8actuator16metrics_endpointNtNtB6_5state8AppStateE0B6_
FNDA:0,_RNCINvNtCslNlzF6u6e2e_10autumn_web8actuator19prometheus_endpointNtNtB6_5state8AppStateE0B6_
FNDA:0,_RNCINvNtCslNlzF6u6e2e_10autumn_web8actuator20configprops_endpointNtNtB6_5state8AppStateE0B6_
FNDA:0,_RNCINvNtCslNlzF6u6e2e_10autumn_web8actuator4infoNtNtB6_5state8AppStateE0B6_
FNDA:1,_RNCINvNtCslNlzF6u6e2e_10autumn_web8actuator6healthNtNtB6_5state8AppStateE0B6_
FNDA:0,_RNCINvNtCslNlzF6u6e2e_10autumn_web8actuator8ui_tasksNtNtB6_5state8AppStateE0B6_
FNDA:0,_RNCNCINvNtCslNlzF6u6e2e_10autumn_web8actuator12env_endpointNtNtB8_5state8AppStateE00B8_
FNDA:0,_RNCNCINvNtCslNlzF6u6e2e_10autumn_web8actuator4infoNtNtB8_5state8AppStateE00B8_
FNDA:0,_RNCNCINvNtCslNlzF6u6e2e_10autumn_web8actuator4infoNtNtB8_5state8AppStateE0s_0B8_
FNDA:0,_RNCNCINvNtCslNlzF6u6e2e_10autumn_web8actuator6healthNtNtB8_5state8AppStateE00B8_
FNDA:0,_RNCNvMNtCslNlzF6u6e2e_10autumn_web8actuatorNtB4_9LogLevels13current_level0B6_
FNDA:0,_RNCNvMNtCslNlzF6u6e2e_10autumn_web8actuatorNtB4_9LogLevels13current_levels_0B6_
FNDA:0,_RNCNvMNtCslNlzF6u6e2e_10autumn_web8actuatorNtB4_9LogLevels16logger_overrides0B6_
FNDA:0,_RNCNvMs0_NtCslNlzF6u6e2e_10autumn_web8actuatorNtB7_12TaskRegistry8snapshot0B9_
FNDA:0,_RNCNvMs3_NtCslNlzF6u6e2e_10autumn_web8actuatorNtB7_16ConfigProperties8snapshot0B9_
FNDA:0,_RNCNvNtCslNlzF6u6e2e_10autumn_web8actuator12ui_dashboard0B5_
FNDA:0,_RNCNvNtCslNlzF6u6e2e_10autumn_web8actuator13should_redact0B5_
FNDA:20,_RNCNvNtNtCs39mWnhFxKmJ_10autumn_web8actuator5tests22test_state_with_config0B7_
FNDA:1,_RNCNvNtNtCs39mWnhFxKmJ_10autumn_web8actuator5testss_26actuator_health_returns_ok0B7_
FNDA:1,_RNCNvNtNtCs39mWnhFxKmJ_10autumn_web8actuator5testss_30actuator_info_returns_metadata0B7_
FNDA:1,_RNCNvNtNtCs39mWnhFxKmJ_10autumn_web8actuator5testss_34actuator_loggers_put_changes_level0B7_
FNDA:1,_RNCNvNtNtCs39mWnhFxKmJ_10autumn_web8actuator5testss_35actuator_loggers_get_returns_levels0B7_
FNDA:1,_RNCNvNtNtCs39mWnhFxKmJ_10autumn_web8actuator5testss_35actuator_metrics_returns_http_stats0B7_
FNDA:1,_RNCNvNtNtCs39mWnhFxKmJ_10autumn_web8actuator5testss_35actuator_prometheus_returns_metrics0B7_
FNDA:1,_RNCNvNtNtCs39mWnhFxKmJ_10autumn_web8actuator5testss_37actuator_routes_respect_custom_prefix0B7_
FNDA:1,_RNCNvNtNtCs39mWnhFxKmJ_10autumn_web8actuator5testss_39actuator_configprops_returns_properties0B7_
FNDA:1,_RNCNvNtNtCs39mWnhFxKmJ_10autumn_web8actuator5testss_39actuator_tasks_returns_registered_tasks0B7_
FNDA:1,_RNCNvNtNtCs39mWnhFxKmJ_10autumn_web8actuator5testss_40actuator_env_available_in_sensitive_mode0B7_
FNDA:1,_RNCNvNtNtCs39mWnhFxKmJ_10autumn_web8actuator5testss_40actuator_env_hidden_in_nonsensitive_mode0B7_
FNDA:1,_RNCNvNtNtCs39mWnhFxKmJ_10autumn_web8actuator5testss_42actuator_loggers_put_rejects_invalid_level0B7_
FNDA:1,_RNCNvNtNtCs39mWnhFxKmJ_10autumn_web8actuator5testss_42actuator_tasks_hidden_in_nonsensitive_mode0B7_
FNDA:1,_RNCNvNtNtCs39mWnhFxKmJ_10autumn_web8actuator5testss_44actuator_loggers_hidden_in_nonsensitive_mode0B7_
FNDA:1,_RNCNvNtNtCs39mWnhFxKmJ_10autumn_web8actuator5testss_47actuator_metrics_available_in_nonsensitive_mode0B7_
FNDA:1,_RNCNvNtNtCs39mWnhFxKmJ_10autumn_web8actuator5testss_47actuator_prometheus_hidden_in_nonsensitive_mode0B7_
FNDA:1,_RNCNvNtNtCs39mWnhFxKmJ_10autumn_web8actuator5testss_47actuator_ui_tasks_returns_html_or_unimplemented0B7_
FNDA:1,_RNCNvNtNtCs39mWnhFxKmJ_10autumn_web8actuator5testss_48actuator_configprops_hidden_in_nonsensitive_mode0B7_
FNDA:1,_RNCNvNtNtCs39mWnhFxKmJ_10autumn_web8actuator5testss_49actuator_ui_metrics_returns_html_or_unimplemented0B7_
FNDA:1,_RNCNvNtNtCs39mWnhFxKmJ_10autumn_web8actuator5testss_51actuator_metrics_returns_db_stats_when_pool_present0B7_
FNDA:1,_RNCNvNtNtCs39mWnhFxKmJ_10autumn_web8actuator5testss_51actuator_ui_dashboard_returns_html_or_unimplemented0B7_
FNDA:0,_RNvXs1_NtCs39mWnhFxKmJ_10autumn_web8actuatorNtB5_12TaskRegistryNtNtCs4kUJL3MZFFz_4core7default7Default7default
FNDA:0,_RNvXs2_NtCs39mWnhFxKmJ_10autumn_web8actuatorNtB5_12TaskRegistryNtNtCs4kUJL3MZFFz_4core3fmt5Debug3fmt
FNDA:0,_RNvXs_NtCs39mWnhFxKmJ_10autumn_web8actuatorNtB4_9LogLevelsNtNtCs4kUJL3MZFFz_4core3fmt5Debug3fmt
FNDA:3,_RNvMNtCs39mWnhFxKmJ_10autumn_web8actuatorNtB2_9LogLevels13current_level
FNDA:8,_RNvMNtCs39mWnhFxKmJ_10autumn_web8actuatorNtB2_9LogLevels16logger_overrides
FNDA:7005,_RNvMNtCs39mWnhFxKmJ_10autumn_web8actuatorNtB2_9LogLevels16set_logger_level
FNDA:98,_RNvMNtCs39mWnhFxKmJ_10autumn_web8actuatorNtB2_9LogLevels3new
FNDA:5,_RNvMs0_NtCs39mWnhFxKmJ_10autumn_web8actuatorNtB5_12TaskRegistry12record_start
FNDA:2,_RNvMs0_NtCs39mWnhFxKmJ_10autumn_web8actuatorNtB5_12TaskRegistry14record_failure
FNDA:3,_RNvMs0_NtCs39mWnhFxKmJ_10autumn_web8actuatorNtB5_12TaskRegistry14record_success
FNDA:96,_RNvMs0_NtCs39mWnhFxKmJ_10autumn_web8actuatorNtB5_12TaskRegistry3new
FNDA:3,_RNvMs0_NtCs39mWnhFxKmJ_10autumn_web8actuatorNtB5_12TaskRegistry8register
FNDA:6,_RNvMs0_NtCs39mWnhFxKmJ_10autumn_web8actuatorNtB5_12TaskRegistry8snapshot
FNDA:21,_RNvMs3_NtCs39mWnhFxKmJ_10autumn_web8actuatorNtB5_16ConfigProperties11from_config
FNDA:21,_RNvMs3_NtCs39mWnhFxKmJ_10autumn_web8actuatorNtB5_16ConfigProperties14track_db_props
FNDA:679,_RNvMs3_NtCs39mWnhFxKmJ_10autumn_web8actuatorNtB5_16ConfigProperties14track_property
FNDA:21,_RNvMs3_NtCs39mWnhFxKmJ_10autumn_web8actuatorNtB5_16ConfigProperties15track_log_props
FNDA:21,_RNvMs3_NtCs39mWnhFxKmJ_10autumn_web8actuatorNtB5_16ConfigProperties18track_health_props
FNDA:21,_RNvMs3_NtCs39mWnhFxKmJ_10autumn_web8actuatorNtB5_16ConfigProperties18track_server_props
FNDA:21,_RNvMs3_NtCs39mWnhFxKmJ_10autumn_web8actuatorNtB5_16ConfigProperties19track_session_props
FNDA:21,_RNvMs3_NtCs39mWnhFxKmJ_10autumn_web8actuatorNtB5_16ConfigProperties20track_actuator_props
FNDA:21,_RNvMs3_NtCs39mWnhFxKmJ_10autumn_web8actuatorNtB5_16ConfigProperties21track_telemetry_props
FNDA:2,_RNvMs3_NtCs39mWnhFxKmJ_10autumn_web8actuatorNtB5_16ConfigProperties8snapshot
FNDA:1,_RNvNtCs39mWnhFxKmJ_10autumn_web8actuator12ui_dashboard
FNDA:684,_RNvNtCs39mWnhFxKmJ_10autumn_web8actuator13should_redact
FNDA:4,_RNvNtCs39mWnhFxKmJ_10autumn_web8actuator19actuator_route_glob
FNDA:656,_RNvNtCs39mWnhFxKmJ_10autumn_web8actuator19actuator_route_path
FNDA:54,_RNvNtCs39mWnhFxKmJ_10autumn_web8actuator23actuator_endpoint_paths
FNDA:660,_RNvNtCs39mWnhFxKmJ_10autumn_web8actuator25normalize_actuator_prefix
FNDA:1,_RINvNtCs39mWnhFxKmJ_10autumn_web8actuator10ui_metricsNtNtB4_5state8AppStateEB4_
FNDA:1,_RINvNtCs39mWnhFxKmJ_10autumn_web8actuator11loggers_getNtNtB4_5state8AppStateEB4_
FNDA:2,_RINvNtCs39mWnhFxKmJ_10autumn_web8actuator11loggers_putNtNtB4_5state8AppStateEB4_
FNDA:1,_RINvNtCs39mWnhFxKmJ_10autumn_web8actuator12env_endpointNtNtB4_5state8AppStateEB4_
FNDA:1,_RINvNtCs39mWnhFxKmJ_10autumn_web8actuator14tasks_endpointNtNtB4_5state8AppStateEB4_
FNDA:20,_RINvNtCs39mWnhFxKmJ_10autumn_web8actuator15actuator_routerNtNtB4_5state8AppStateEB4_
FNDA:3,_RINvNtCs39mWnhFxKmJ_10autumn_web8actuator16metrics_endpointNtNtB4_5state8AppStateEB4_
FNDA:1,_RINvNtCs39mWnhFxKmJ_10autumn_web8actuator19prometheus_endpointNtNtB4_5state8AppStateEB4_
FNDA:1,_RINvNtCs39mWnhFxKmJ_10autumn_web8actuator20configprops_endpointNtNtB4_5state8AppStateEB4_
FNDA:52,_RINvNtCs39mWnhFxKmJ_10autumn_web8actuator27actuator_router_with_prefixNtNtB4_5state8AppStateEB4_
FNDA:1,_RINvNtCs39mWnhFxKmJ_10autumn_web8actuator4infoNtNtB4_5state8AppStateEB4_
FNDA:3,_RINvNtCs39mWnhFxKmJ_10autumn_web8actuator6healthNtNtB4_5state8AppStateEB4_
FNDA:1,_RINvNtCs39mWnhFxKmJ_10autumn_web8actuator8ui_tasksNtNtB4_5state8AppStateEB4_
FNDA:1,_RNCINvNtCs39mWnhFxKmJ_10autumn_web8actuator10ui_metricsNtNtB6_5state8AppStateE0B6_
FNDA:1,_RNCINvNtCs39mWnhFxKmJ_10autumn_web8actuator11loggers_getNtNtB6_5state8AppStateE0B6_
FNDA:2,_RNCINvNtCs39mWnhFxKmJ_10autumn_web8actuator11loggers_putNtNtB6_5state8AppStateE0B6_
FNDA:1,_RNCINvNtCs39mWnhFxKmJ_10autumn_web8actuator12env_endpointNtNtB6_5state8AppStateE0B6_
FNDA:1,_RNCINvNtCs39mWnhFxKmJ_10autumn_web8actuator14tasks_endpointNtNtB6_5state8AppStateE0B6_
FNDA:3,_RNCINvNtCs39mWnhFxKmJ_10autumn_web8actuator16metrics_endpointNtNtB6_5state8AppStateE0B6_
FNDA:1,_RNCINvNtCs39mWnhFxKmJ_10autumn_web8actuator19prometheus_endpointNtNtB6_5state8AppStateE0B6_
FNDA:1,_RNCINvNtCs39mWnhFxKmJ_10autumn_web8actuator20configprops_endpointNtNtB6_5state8AppStateE0B6_
FNDA:1,_RNCINvNtCs39mWnhFxKmJ_10autumn_web8actuator4infoNtNtB6_5state8AppStateE0B6_
FNDA:3,_RNCINvNtCs39mWnhFxKmJ_10autumn_web8actuator6healthNtNtB6_5state8AppStateE0B6_
FNDA:1,_RNCINvNtCs39mWnhFxKmJ_10autumn_web8actuator8ui_tasksNtNtB6_5state8AppStateE0B6_
FNDA:32,_RNCNCINvNtCs39mWnhFxKmJ_10autumn_web8actuator12env_endpointNtNtB8_5state8AppStateE00B8_
FNDA:0,_RNCNCINvNtCs39mWnhFxKmJ_10autumn_web8actuator4infoNtNtB8_5state8AppStateE00B8_
FNDA:0,_RNCNCINvNtCs39mWnhFxKmJ_10autumn_web8actuator4infoNtNtB8_5state8AppStateE0s_0B8_
FNDA:0,_RNCNCINvNtCs39mWnhFxKmJ_10autumn_web8actuator6healthNtNtB8_5state8AppStateE00B8_
FNDA:0,_RNCNvMNtCs39mWnhFxKmJ_10autumn_web8actuatorNtB4_9LogLevels13current_level0B6_
FNDA:3,_RNCNvMNtCs39mWnhFxKmJ_10autumn_web8actuatorNtB4_9LogLevels13current_levels_0B6_
FNDA:8,_RNCNvMNtCs39mWnhFxKmJ_10autumn_web8actuatorNtB4_9LogLevels16logger_overrides0B6_
FNDA:6,_RNCNvMs0_NtCs39mWnhFxKmJ_10autumn_web8actuatorNtB7_12TaskRegistry8snapshot0B9_
FNDA:2,_RNCNvMs3_NtCs39mWnhFxKmJ_10autumn_web8actuatorNtB7_16ConfigProperties8snapshot0B9_
FNDA:1,_RNCNvNtCs39mWnhFxKmJ_10autumn_web8actuator12ui_dashboard0B5_
FNDA:4696,_RNCNvNtCs39mWnhFxKmJ_10autumn_web8actuator13should_redact0B5_
FNDA:20,_RNvNtNtCs39mWnhFxKmJ_10autumn_web8actuator5tests10test_state
FNDA:21,_RNvNtNtCs39mWnhFxKmJ_10autumn_web8actuator5tests22test_state_with_config
FNDA:1,_RNvNtNtCs39mWnhFxKmJ_10autumn_web8actuator5testss_18redaction_patterns
FNDA:1,_RNvNtNtCs39mWnhFxKmJ_10autumn_web8actuator5testss_22log_levels_set_and_get
FNDA:1,_RNvNtNtCs39mWnhFxKmJ_10autumn_web8actuator5testss_26actuator_health_returns_ok
FNDA:1,_RNvNtNtCs39mWnhFxKmJ_10autumn_web8actuator5testss_28task_registry_empty_snapshot
FNDA:1,_RNvNtNtCs39mWnhFxKmJ_10autumn_web8actuator5testss_29task_registry_records_failure
FNDA:1,_RNvNtNtCs39mWnhFxKmJ_10autumn_web8actuator5testss_30actuator_info_returns_metadata
FNDA:1,_RNvNtNtCs39mWnhFxKmJ_10autumn_web8actuator5testss_31log_levels_root_updates_current
FNDA:1,_RNvNtNtCs39mWnhFxKmJ_10autumn_web8actuator5testss_33configprops_tracks_custom_profile
FNDA:1,_RNvNtNtCs39mWnhFxKmJ_10autumn_web8actuator5testss_33configprops_tracks_default_source
FNDA:1,_RNvNtNtCs39mWnhFxKmJ_10autumn_web8actuator5testss_33configprops_tracks_profile_source
FNDA:1,_RNvNtNtCs39mWnhFxKmJ_10autumn_web8actuator5testss_34actuator_loggers_put_changes_level
FNDA:1,_RNvNtNtCs39mWnhFxKmJ_10autumn_web8actuator5testss_35actuator_loggers_get_returns_levels
FNDA:1,_RNvNtNtCs39mWnhFxKmJ_10autumn_web8actuator5testss_35actuator_metrics_returns_http_stats
FNDA:1,_RNvNtNtCs39mWnhFxKmJ_10autumn_web8actuator5testss_35actuator_prometheus_returns_metrics
FNDA:1,_RNvNtNtCs39mWnhFxKmJ_10autumn_web8actuator5testss_36configprops_redacts_sensitive_values
FNDA:1,_RNvNtNtCs39mWnhFxKmJ_10autumn_web8actuator5testss_36configprops_tracks_dev_prod_profiles
FNDA:1,_RNvNtNtCs39mWnhFxKmJ_10autumn_web8actuator5testss_37actuator_routes_respect_custom_prefix
FNDA:1,_RNvNtNtCs39mWnhFxKmJ_10autumn_web8actuator5testss_38log_levels_rejects_new_key_at_capacity
FNDA:1,_RNvNtNtCs39mWnhFxKmJ_10autumn_web8actuator5testss_39actuator_configprops_returns_properties
FNDA:1,_RNvNtNtCs39mWnhFxKmJ_10autumn_web8actuator5testss_39actuator_tasks_returns_registered_tasks
FNDA:1,_RNvNtNtCs39mWnhFxKmJ_10autumn_web8actuator5testss_40actuator_env_available_in_sensitive_mode
FNDA:1,_RNvNtNtCs39mWnhFxKmJ_10autumn_web8actuator5testss_40actuator_env_hidden_in_nonsensitive_mode
FNDA:1,_RNvNtNtCs39mWnhFxKmJ_10autumn_web8actuator5testss_41actuator_route_helpers_normalize_prefixes
FNDA:1,_RNvNtNtCs39mWnhFxKmJ_10autumn_web8actuator5testss_42actuator_loggers_put_rejects_invalid_level
FNDA:1,_RNvNtNtCs39mWnhFxKmJ_10autumn_web8actuator5testss_42actuator_tasks_hidden_in_nonsensitive_mode
FNDA:1,_RNvNtNtCs39mWnhFxKmJ_10autumn_web8actuator5testss_43log_levels_accepts_existing_key_at_capacity
FNDA:1,_RNvNtNtCs39mWnhFxKmJ_10autumn_web8actuator5testss_44actuator_loggers_hidden_in_nonsensitive_mode
FNDA:1,_RNvNtNtCs39mWnhFxKmJ_10autumn_web8actuator5testss_45configprops_returns_default_when_values_match
FNDA:1,_RNvNtNtCs39mWnhFxKmJ_10autumn_web8actuator5testss_47actuator_metrics_available_in_nonsensitive_mode
FNDA:1,_RNvNtNtCs39mWnhFxKmJ_10autumn_web8actuator5testss_47actuator_prometheus_hidden_in_nonsensitive_mode
FNDA:1,_RNvNtNtCs39mWnhFxKmJ_10autumn_web8actuator5testss_47actuator_ui_tasks_returns_html_or_unimplemented
FNDA:1,_RNvNtNtCs39mWnhFxKmJ_10autumn_web8actuator5testss_48actuator_configprops_hidden_in_nonsensitive_mode
FNDA:1,_RNvNtNtCs39mWnhFxKmJ_10autumn_web8actuator5testss_49actuator_ui_metrics_returns_html_or_unimplemented
FNDA:1,_RNvNtNtCs39mWnhFxKmJ_10autumn_web8actuator5testss_51actuator_metrics_returns_db_stats_when_pool_present
FNDA:1,_RNvNtNtCs39mWnhFxKmJ_10autumn_web8actuator5testss_51actuator_ui_dashboard_returns_html_or_unimplemented
FNDA:1,_RNvNtNtCs39mWnhFxKmJ_10autumn_web8actuator5testss_53task_registry_records_multiple_successes_and_failures
FNF:124
FNH:117
DA:87,139
DA:88,139
DA:89,139
DA:90,139
DA:91,139
DA:92,139
DA:93,139
DA:94,139
DA:98,3
DA:99,3
DA:100,3
DA:101,3
DA:102,3
DA:106,8
DA:107,8
DA:108,8
DA:109,8
DA:110,8
DA:111,8
DA:115,7005
DA:116,7005
DA:118,7005
DA:119,3828
DA:120,3177
DA:122,3177
DA:123,3177
DA:124,3177
DA:125,3177
DA:127,3177
DA:128,130
DA:129,130
DA:130,130
DA:131,3047
DA:132,3047
DA:134,0
DA:136,7005
DA:140,0
DA:141,0
DA:142,0
DA:143,0
DA:144,0
DA:181,137
DA:182,137
DA:183,137
DA:184,137
DA:185,137
DA:188,3
DA:189,3
DA:190,3
DA:191,3
DA:192,3
DA:193,3
DA:194,3
DA:195,3
DA:196,3
DA:197,3
DA:198,3
DA:199,3
DA:200,3
DA:201,3
DA:202,3
DA:203,3
DA:204,3
DA:207,5
DA:208,5
DA:209,5
DA:210,5
DA:211,5
DA:212,0
DA:213,5
DA:216,3
DA:217,3
DA:218,3
DA:219,3
DA:220,3
DA:221,3
DA:222,3
DA:223,3
DA:224,3
DA:225,3
DA:226,0
DA:227,3
DA:230,2
DA:231,2
DA:232,2
DA:233,2
DA:234,2
DA:235,2
DA:236,2
DA:237,2
DA:238,2
DA:239,2
DA:240,2
DA:241,0
DA:242,2
DA:246,6
DA:247,6
DA:248,6
DA:249,6
DA:250,6
DA:251,6
DA:255,0
DA:256,0
DA:257,0
DA:261,0
DA:262,0
DA:263,0
DA:264,0
DA:265,0
DA:287,21
DA:288,21
DA:289,21
DA:292,21
DA:293,21
DA:295,21
DA:296,21
DA:297,21
DA:298,21
DA:299,21
DA:300,21
DA:301,21
DA:303,21
DA:304,21
DA:305,21
DA:306,21
DA:308,21
DA:309,21
DA:310,21
DA:311,21
DA:312,21
DA:313,21
DA:314,21
DA:315,21
DA:316,21
DA:317,21
DA:318,21
DA:319,21
DA:321,21
DA:322,21
DA:323,21
DA:324,21
DA:325,21
DA:326,21
DA:328,21
DA:329,21
DA:330,21
DA:331,21
DA:332,21
DA:333,21
DA:335,21
DA:337,21
DA:338,21
DA:339,21
DA:340,21
DA:341,21
DA:342,21
DA:343,21
DA:344,21
DA:345,21
DA:346,21
DA:347,21
DA:348,21
DA:349,21
DA:350,21
DA:352,21
DA:354,21
DA:355,21
DA:356,21
DA:357,21
DA:358,21
DA:359,21
DA:360,21
DA:361,21
DA:362,21
DA:363,21
DA:364,21
DA:365,21
DA:367,21
DA:368,21
DA:369,21
DA:370,21
DA:371,21
DA:372,21
DA:374,21
DA:376,21
DA:377,21
DA:378,21
DA:379,21
DA:380,21
DA:381,21
DA:382,21
DA:383,21
DA:384,21
DA:385,21
DA:386,21
DA:387,21
DA:389,21
DA:390,21
DA:391,21
DA:392,21
DA:393,21
DA:394,21
DA:396,21
DA:397,21
DA:398,21
DA:399,21
DA:400,21
DA:401,21
DA:402,21
DA:403,21
DA:404,21
DA:405,21
DA:407,21
DA:408,21
DA:409,21
DA:410,21
DA:411,21
DA:412,21
DA:414,21
DA:415,21
DA:416,21
DA:417,21
DA:418,21
DA:419,21
DA:421,21
DA:422,21
DA:423,21
DA:424,21
DA:425,21
DA:426,21
DA:428,21
DA:429,21
DA:430,21
DA:431,21
DA:432,21
DA:433,21
DA:435,21
DA:436,21
DA:437,21
DA:438,21
DA:439,21
DA:440,21
DA:442,21
DA:444,21
DA:445,21
DA:446,21
DA:447,21
DA:448,21
DA:449,21
DA:450,21
DA:451,21
DA:452,21
DA:453,21
DA:454,21
DA:455,21
DA:457,21
DA:458,21
DA:459,21
DA:460,21
DA:461,21
DA:462,21
DA:464,21
DA:465,21
DA:466,21
DA:467,21
DA:468,21
DA:469,21
DA:471,21
DA:472,21
DA:473,21
DA:474,21
DA:475,21
DA:476,21
DA:478,21
DA:479,21
DA:480,21
DA:481,21
DA:482,21
DA:483,21
DA:485,21
DA:487,21
DA:488,21
DA:489,21
DA:490,21
DA:491,21
DA:492,21
DA:493,21
DA:494,21
DA:495,21
DA:496,21
DA:497,21
DA:498,21
DA:500,21
DA:501,21
DA:502,21
DA:503,21
DA:504,21
DA:505,21
DA:507,21
DA:509,21
DA:510,21
DA:511,21
DA:512,21
DA:513,21
DA:514,21
DA:515,21
DA:516,21
DA:517,21
DA:518,21
DA:519,21
DA:520,21
DA:522,21
DA:523,21
DA:524,21
DA:525,21
DA:526,21
DA:527,21
DA:529,21
DA:530,21
DA:531,21
DA:532,21
DA:533,21
DA:534,21
DA:536,21
DA:537,21
DA:538,21
DA:539,21
DA:540,21
DA:541,21
DA:543,21
DA:544,21
DA:545,21
DA:546,21
DA:547,21
DA:548,21
DA:550,21
DA:551,21
DA:552,21
DA:553,21
DA:554,21
DA:555,21
DA:557,21
DA:558,21
DA:559,21
DA:560,21
DA:561,21
DA:562,21
DA:564,21
DA:565,21
DA:566,21
DA:567,21
DA:568,21
DA:569,21
DA:571,21
DA:572,21
DA:573,21
DA:574,21
DA:575,21
DA:576,21
DA:578,21
DA:579,21
DA:580,21
DA:581,21
DA:582,21
DA:583,21
DA:585,21
DA:587,679
DA:588,679
DA:589,679
DA:590,679
DA:591,679
DA:592,679
DA:593,679
DA:595,679
DA:596,679
DA:597,0
DA:598,679
DA:599,8
DA:600,671
DA:601,1
DA:603,670
DA:606,679
DA:607,64
DA:609,615
DA:612,679
DA:613,679
DA:614,679
DA:615,679
DA:616,679
DA:617,679
DA:619,679
DA:623,2
DA:624,2
DA:625,2
DA:626,2
DA:627,2
DA:628,2
DA:659,4
DA:660,4
DA:661,4
DA:662,4
DA:666,4
DA:667,0
DA:668,0
DA:669,0
DA:670,0
DA:671,0
DA:672,0
DA:674,0
DA:675,0
DA:676,0
DA:677,0
DA:678,0
DA:679,0
DA:681,0
DA:683,4
DA:693,4
DA:695,4
DA:696,4
DA:698,4
DA:699,4
DA:700,4
DA:703,4
DA:704,4
DA:706,0
DA:708,4
DA:709,4
DA:739,1
DA:740,1
DA:741,1
DA:744,1
DA:745,1
DA:747,1
DA:748,1
DA:749,1
DA:750,1
DA:751,1
DA:752,1
DA:753,1
DA:755,1
DA:777,684
DA:778,684
DA:779,4696
DA:780,684
DA:783,1
DA:784,1
DA:785,1
DA:786,1
DA:787,1
DA:788,1
DA:789,1
DA:790,32
DA:791,1
DA:793,1
DA:794,1
DA:795,1
DA:796,1
DA:797,1
DA:802,3
DA:803,3
DA:804,3
DA:805,3
DA:806,3
DA:810,3
DA:811,3
DA:812,3
DA:813,1
DA:814,1
DA:815,1
DA:816,1
DA:817,1
DA:819,1
DA:820,1
DA:821,1
DA:822,2
DA:823,3
DA:826,3
DA:827,3
DA:832,1
DA:833,1
DA:834,1
DA:837,1
DA:838,1
DA:841,1
DA:842,1
DA:843,1
DA:844,1
DA:850,1
DA:851,1
DA:852,1
DA:853,1
DA:859,1
DA:860,1
DA:861,1
DA:862,1
DA:866,1
DA:867,1
DA:871,1
DA:872,1
DA:876,1
DA:877,1
DA:883,1
DA:884,1
DA:885,1
DA:886,2
DA:888,2
DA:889,2
DA:890,2
DA:891,2
DA:892,2
DA:893,2
DA:894,2
DA:896,0
DA:898,1
DA:899,1
DA:900,1
DA:901,1
DA:902,1
DA:903,1
DA:904,1
DA:905,1
DA:910,1
DA:911,1
DA:912,1
DA:913,1
DA:915,1
DA:916,1
DA:917,1
DA:918,1
DA:919,1
DA:935,1
DA:936,1
DA:937,1
DA:938,1
DA:939,1
DA:940,1
DA:941,1
DA:942,1
DA:943,1
DA:952,2
DA:953,2
DA:954,2
DA:955,2
DA:956,2
DA:957,2
DA:960,2
DA:961,1
DA:962,1
DA:963,1
DA:964,1
DA:965,1
DA:966,1
DA:967,1
DA:968,1
DA:969,1
DA:970,1
DA:971,1
DA:972,1
DA:974,1
DA:976,1
DA:977,1
DA:978,1
DA:979,1
DA:980,1
DA:981,1
DA:982,1
DA:983,1
DA:984,2
DA:989,1
DA:990,1
DA:991,1
DA:992,1
DA:994,1
DA:995,1
DA:996,1
DA:997,1
DA:1050,990
DA:1051,990
DA:1052,990
DA:1053,6
DA:1055,984
DA:1056,984
DA:1057,982
DA:1059,2
DA:1062,990
DA:1064,4
DA:1065,4
DA:1066,4
DA:1067,1
DA:1069,3
DA:1071,4
DA:1073,986
DA:1074,986
DA:1075,986
DA:1076,5
DA:1078,981
DA:1080,986
DA:1082,87
DA:1083,87
DA:1084,87
DA:1085,87
DA:1086,87
DA:1087,87
DA:1088,87
DA:1091,87
DA:1092,2
DA:1093,2
DA:1094,2
DA:1095,2
DA:1096,2
DA:1097,2
DA:1098,2
DA:1099,2
DA:1100,2
DA:1101,2
DA:1102,2
DA:1103,85
DA:1105,87
DA:1106,87
DA:1112,20
DA:1113,20
DA:1114,20
DA:1115,20
DA:1116,20
DA:1121,85
DA:1122,85
DA:1123,85
DA:1124,85
DA:1125,85
DA:1126,85
DA:1127,85
DA:1128,85
DA:1129,85
DA:1130,85
DA:1132,85
DA:1133,85
DA:1134,85
DA:1136,85
DA:1137,85
DA:1138,85
DA:1141,85
DA:1142,16
DA:1143,16
DA:1144,16
DA:1145,16
DA:1146,16
DA:1147,16
DA:1148,16
DA:1149,16
DA:1150,16
DA:1151,16
DA:1152,16
DA:1153,16
DA:1154,16
DA:1155,16
DA:1156,16
DA:1157,16
DA:1158,16
DA:1159,16
DA:1160,16
DA:1161,16
DA:1162,16
DA:1163,16
DA:1164,16
DA:1165,16
DA:1166,16
DA:1167,16
DA:1168,16
DA:1169,16
DA:1170,16
DA:1171,16
DA:1172,16
DA:1173,16
DA:1174,16
DA:1175,16
DA:1176,16
DA:1177,16
DA:1178,16
DA:1179,16
DA:1180,16
DA:1181,16
DA:1182,16
DA:1183,16
DA:1184,69
DA:1187,85
DA:1188,85
DA:1189,85
DA:1190,85
DA:1192,85
DA:1193,85
DA:1194,85
DA:1196,85
DA:1207,20
DA:1208,20
DA:1209,20
DA:1211,21
DA:1213,21
DA:1214,21
DA:1217,21
DA:1218,21
DA:1219,21
DA:1221,21
DA:1222,21
DA:1223,21
DA:1224,21
DA:1225,21
DA:1231,21
DA:1234,1
DA:1235,1
DA:1236,1
DA:1237,1
DA:1238,1
DA:1239,1
DA:1240,1
DA:1241,1
DA:1242,1
DA:1243,1
DA:1244,1
DA:1246,1
DA:1247,1
DA:1248,1
DA:1249,1
DA:1250,1
DA:1251,1
DA:1252,1
DA:1253,1
DA:1254,1
DA:1257,1
DA:1258,1
DA:1260,1
DA:1261,1
DA:1262,1
DA:1263,1
DA:1264,1
DA:1265,1
DA:1266,1
DA:1267,1
DA:1268,1
DA:1269,1
DA:1270,1
DA:1272,1
DA:1273,1
DA:1274,1
DA:1275,1
DA:1276,1
DA:1277,1
DA:1278,1
DA:1279,1
DA:1280,1
DA:1281,1
DA:1282,1
DA:1285,1
DA:1286,1
DA:1287,1
DA:1288,1
DA:1289,1
DA:1292,1
DA:1293,1
DA:1294,1
DA:1295,1
DA:1296,1
DA:1297,1
DA:1298,1
DA:1299,1
DA:1300,1
DA:1301,1
DA:1302,1
DA:1304,1
DA:1305,1
DA:1306,1
DA:1307,1
DA:1308,1
DA:1309,1
DA:1310,1
DA:1311,1
DA:1314,1
DA:1315,1
DA:1316,1
DA:1317,1
DA:1318,1
DA:1319,1
DA:1320,1
DA:1321,1
DA:1322,1
DA:1323,1
DA:1324,1
DA:1325,1
DA:1326,1
DA:1327,1
DA:1328,1
DA:1329,1
DA:1330,1
DA:1331,1
DA:1333,1
DA:1334,1
DA:1335,1
DA:1336,1
DA:1337,1
DA:1338,1
DA:1339,1
DA:1340,1
DA:1341,1
DA:1342,1
DA:1343,1
DA:1344,1
DA:1345,1
DA:1346,1
DA:1347,1
DA:1348,1
DA:1349,1
DA:1350,1
DA:1351,1
DA:1352,1
DA:1353,1
DA:1356,1
DA:1357,1
DA:1358,1
DA:1359,1
DA:1360,1
DA:1361,1
DA:1362,1
DA:1363,1
DA:1364,1
DA:1365,1
DA:1366,1
DA:1367,1
DA:1368,1
DA:1371,1
DA:1372,1
DA:1373,1
DA:1374,1
DA:1375,1
DA:1376,1
DA:1377,1
DA:1382,1
DA:1383,1
DA:1384,1
DA:1385,1
DA:1387,1
DA:1388,1
DA:1389,1
DA:1390,1
DA:1391,1
DA:1392,1
DA:1393,1
DA:1394,1
DA:1395,1
DA:1396,1
DA:1398,1
DA:1399,1
DA:1400,1
DA:1401,1
DA:1402,1
DA:1403,1
DA:1404,1
DA:1405,1
DA:1406,1
DA:1409,1
DA:1410,1
DA:1411,1
DA:1412,1
DA:1413,1
DA:1414,1
DA:1415,1
DA:1416,1
DA:1417,1
DA:1418,1
DA:1419,1
DA:1420,1
DA:1421,1
DA:1425,1
DA:1430,1
DA:1432,1
DA:1435,1
DA:1437,1
DA:1439,1
DA:1440,1
DA:1441,1
DA:1442,1
DA:1443,1
DA:1444,1
DA:1445,1
DA:1446,1
DA:1447,1
DA:1448,1
DA:1450,1
DA:1451,1
DA:1452,1
DA:1453,1
DA:1454,1
DA:1456,1
DA:1457,1
DA:1462,1
DA:1463,1
DA:1464,1
DA:1465,1
DA:1466,1
DA:1467,1
DA:1468,1
DA:1469,1
DA:1470,1
DA:1471,1
DA:1472,1
DA:1474,1
DA:1475,1
DA:1476,1
DA:1477,1
DA:1478,1
DA:1479,1
DA:1480,1
DA:1481,1
DA:1484,1
DA:1485,1
DA:1486,1
DA:1487,1
DA:1488,1
DA:1489,1
DA:1490,1
DA:1491,1
DA:1492,1
DA:1493,1
DA:1494,1
DA:1495,1
DA:1496,1
DA:1499,1
DA:1500,1
DA:1501,1
DA:1502,1
DA:1503,1
DA:1504,1
DA:1505,1
DA:1506,1
DA:1508,1
DA:1509,1
DA:1512,1
DA:1513,1
DA:1514,1
DA:1515,1
DA:1516,1
DA:1517,1
DA:1520,1
DA:1521,1
DA:1522,1
DA:1523,1
DA:1524,1
DA:1529,1
DA:1530,1
DA:1531,1
DA:1532,1
DA:1533,1
DA:1534,1
DA:1535,1
DA:1536,1
DA:1537,1
DA:1538,1
DA:1539,1
DA:1541,1
DA:1542,1
DA:1543,1
DA:1544,1
DA:1545,1
DA:1546,1
DA:1547,1
DA:1548,1
DA:1551,1
DA:1552,1
DA:1553,1
DA:1554,1
DA:1555,1
DA:1556,1
DA:1557,1
DA:1558,1
DA:1559,1
DA:1560,1
DA:1561,1
DA:1562,1
DA:1563,1
DA:1564,1
DA:1566,1
DA:1567,1
DA:1568,1
DA:1569,1
DA:1570,1
DA:1571,1
DA:1572,1
DA:1574,1
DA:1575,1
DA:1576,1
DA:1577,1
DA:1578,1
DA:1579,1
DA:1582,1
DA:1583,1
DA:1584,1
DA:1585,1
DA:1586,1
DA:1587,1
DA:1588,1
DA:1589,1
DA:1590,1
DA:1591,1
DA:1592,1
DA:1593,1
DA:1594,1
DA:1596,1
DA:1597,1
DA:1598,1
DA:1599,1
DA:1600,1
DA:1601,1
DA:1602,1
DA:1605,1
DA:1606,1
DA:1607,1
DA:1608,1
DA:1609,1
DA:1610,1
DA:1611,1
DA:1612,1
DA:1613,1
DA:1614,1
DA:1615,1
DA:1616,1
DA:1617,1
DA:1620,1
DA:1621,1
DA:1622,1
DA:1624,1
DA:1625,1
DA:1626,1
DA:1627,1
DA:1630,1
DA:1631,1
DA:1632,1
DA:1633,1
DA:1634,1
DA:1635,1
DA:1640,1
DA:1641,1
DA:1642,1
DA:1643,1
DA:1645,1
DA:1646,1
DA:1647,1
DA:1648,1
DA:1649,1
DA:1650,1
DA:1651,1
DA:1652,1
DA:1653,1
DA:1654,1
DA:1656,1
DA:1657,1
DA:1658,1
DA:1662,1
DA:1663,1
DA:1664,1
DA:1665,1
DA:1667,1
DA:1668,1
DA:1669,1
DA:1671,1
DA:1672,1
DA:1673,1
DA:1675,1
DA:1676,1
DA:1678,1
DA:1679,1
DA:1680,1
DA:1681,1
DA:1684,1
DA:1685,1
DA:1686,1
DA:1687,1
DA:1688,1
DA:1689,1
DA:1690,1
DA:1691,1
DA:1692,1
DA:1693,1
DA:1694,1
DA:1695,1
DA:1696,1
DA:1701,1
DA:1702,1
DA:1703,1
DA:1704,1
DA:1705,1
DA:1707,1
DA:1708,1
DA:1709,1
DA:1710,1
DA:1711,1
DA:1712,1
DA:1713,1
DA:1714,1
DA:1715,1
DA:1716,1
DA:1718,1
DA:1719,1
DA:1720,1
DA:1721,1
DA:1722,1
DA:1723,1
DA:1724,1
DA:1725,1
DA:1726,1
DA:1727,1
DA:1728,1
DA:1729,1
DA:1730,1
DA:1733,1
DA:1734,1
DA:1735,1
DA:1736,1
DA:1737,1
DA:1738,1
DA:1739,1
DA:1740,1
DA:1741,1
DA:1742,1
DA:1743,1
DA:1744,1
DA:1745,1
DA:1748,1
DA:1749,1
DA:1750,1
DA:1751,1
DA:1752,1
DA:1754,1
DA:1755,1
DA:1756,1
DA:1757,1
DA:1758,1
DA:1759,1
DA:1760,1
DA:1761,1
DA:1764,1
DA:1765,1
DA:1766,1
DA:1767,1
DA:1769,1
DA:1770,1
DA:1772,1000
DA:1773,1000
DA:1774,1000
DA:1777,1
DA:1778,1
DA:1779,1
DA:1780,1
DA:1781,1
DA:1784,1
DA:1785,1
DA:1787,1000
DA:1788,1000
DA:1789,1000
DA:1792,1
DA:1793,1
DA:1794,1
DA:1795,1
DA:1796,1
DA:1797,1
DA:1798,1
DA:1799,1
DA:1802,1
DA:1805,1
DA:1806,1
DA:1807,1
DA:1810,1
DA:1811,1
DA:1814,1
DA:1815,1
DA:1817,1
DA:1818,1
DA:1819,1
DA:1820,1
DA:1823,1
DA:1824,1
DA:1826,1
DA:1827,1
DA:1828,1
DA:1829,1
DA:1830,1
DA:1833,1
DA:1834,1
DA:1835,1
DA:1836,1
DA:1837,1
DA:1838,1
DA:1839,1
DA:1840,1
DA:1842,1
DA:1843,1
DA:1846,1
DA:1847,1
DA:1848,1
DA:1849,1
DA:1851,1
DA:1852,1
DA:1853,1
DA:1856,1
DA:1857,1
DA:1858,1
DA:1859,1
DA:1860,1
DA:1863,1
DA:1864,1
DA:1866,1
DA:1867,1
DA:1868,1
DA:1869,1
DA:1870,1
DA:1871,1
DA:1872,1
DA:1873,1
DA:1874,1
DA:1876,1
DA:1877,1
DA:1878,1
DA:1879,1
DA:1880,1
DA:1881,1
DA:1882,1
DA:1883,1
DA:1884,1
DA:1885,1
DA:1888,1
DA:1889,1
DA:1891,1
DA:1892,1
DA:1893,1
DA:1894,1
DA:1895,1
DA:1896,1
DA:1897,1
DA:1898,1
DA:1899,1
DA:1901,1
DA:1902,1
DA:1903,1
DA:1904,1
DA:1905,1
DA:1906,1
DA:1907,1
DA:1908,1
DA:1909,1
DA:1910,1
DA:1913,1
DA:1914,1
DA:1916,1
DA:1917,1
DA:1918,1
DA:1919,1
DA:1920,1
DA:1921,1
DA:1922,1
DA:1923,1
DA:1924,1
DA:1926,1
DA:1927,1
DA:1928,1
DA:1929,1
DA:1930,1
DA:1931,1
DA:1932,1
DA:1933,1
DA:1934,1
DA:1935,1
DA:1959,1
DA:1960,1
DA:1999,1
DA:2000,1
DA:2001,1
DA:2002,1
DA:2003,1
DA:2014,1
DA:2015,1
DA:2016,1
DA:2018,1
DA:2041,1
DA:2042,1
DA:2043,1
DA:2044,1
DA:2045,1
DA:2056,1
DA:2057,1
DA:2059,1
DA:2061,1
DA:2064,0
DA:2068,0
DA:2075,0
DA:2083,1
DA:2084,1
DA:2085,1
DA:2086,1
DA:2087,1
BRF:0
BRH:0
LF:1375
LH:1332
end_of_record
SF:/app/autumn/src/app.rs
FN:1015,_RNCNCNCNvMs0_NtCslNlzF6u6e2e_10autumn_web3appNtBb_10AppBuilder3run0s1_00Cs9uppY7VoQWl_11app_builder
FN:1034,_RNCNCNCNvMs0_NtCslNlzF6u6e2e_10autumn_web3appNtBb_10AppBuilder3run0s2_00Cs9uppY7VoQWl_11app_builder
FN:1127,_RNCNCNvMs0_NtCslNlzF6u6e2e_10autumn_web3appNtB9_10AppBuilder14run_build_mode00Cs9uppY7VoQWl_11app_builder
FN:1161,_RNCNCNvMs0_NtCslNlzF6u6e2e_10autumn_web3appNtB9_10AppBuilder14run_build_mode0s_0Cs9uppY7VoQWl_11app_builder
FN:948,_RNCNCNvMs0_NtCslNlzF6u6e2e_10autumn_web3appNtB9_10AppBuilder3run00Cs9uppY7VoQWl_11app_builder
FN:1001,_RNCNCNvMs0_NtCslNlzF6u6e2e_10autumn_web3appNtB9_10AppBuilder3run0s0_0Cs9uppY7VoQWl_11app_builder
FN:1010,_RNCNCNvMs0_NtCslNlzF6u6e2e_10autumn_web3appNtB9_10AppBuilder3run0s1_0Cs9uppY7VoQWl_11app_builder
FN:1026,_RNCNCNvMs0_NtCslNlzF6u6e2e_10autumn_web3appNtB9_10AppBuilder3run0s2_0Cs9uppY7VoQWl_11app_builder
FN:1064,_RNCNCNvMs0_NtCslNlzF6u6e2e_10autumn_web3appNtB9_10AppBuilder3run0s3_0Cs9uppY7VoQWl_11app_builder
FN:1069,_RNCNCNvMs0_NtCslNlzF6u6e2e_10autumn_web3appNtB9_10AppBuilder3run0s4_0Cs9uppY7VoQWl_11app_builder
FN:991,_RNCNCNvMs0_NtCslNlzF6u6e2e_10autumn_web3appNtB9_10AppBuilder3run0s_0Cs9uppY7VoQWl_11app_builder
FN:1602,_RNCNCNvNtCslNlzF6u6e2e_10autumn_web3app14setup_database00Cs9uppY7VoQWl_11app_builder
FN:1798,_RNCNCNvNtCslNlzF6u6e2e_10autumn_web3app15shutdown_signal00Cs9uppY7VoQWl_11app_builder
FN:1806,_RNCNCNvNtCslNlzF6u6e2e_10autumn_web3app15shutdown_signal0s_0Cs9uppY7VoQWl_11app_builder
FN:1566,_RNCNCNvNtCslNlzF6u6e2e_10autumn_web3app25load_config_and_telemetry00Cs9uppY7VoQWl_11app_builder
FN:1577,_RNCNCNvNtCslNlzF6u6e2e_10autumn_web3app25load_config_and_telemetry0s0_0Cs9uppY7VoQWl_11app_builder
FN:1574,_RNCNCNvNtCslNlzF6u6e2e_10autumn_web3app25load_config_and_telemetry0s_0Cs9uppY7VoQWl_11app_builder
FN:1082,_RNCNvMs0_NtCslNlzF6u6e2e_10autumn_web3appNtB7_10AppBuilder14run_build_mode0Cs9uppY7VoQWl_11app_builder
FN:881,_RNCNvMs0_NtCslNlzF6u6e2e_10autumn_web3appNtB7_10AppBuilder3run0Cs9uppY7VoQWl_11app_builder
FN:1593,_RNCNvNtCslNlzF6u6e2e_10autumn_web3app14setup_database0Cs9uppY7VoQWl_11app_builder
FN:1797,_RNCNvNtCslNlzF6u6e2e_10autumn_web3app15shutdown_signal0Cs9uppY7VoQWl_11app_builder
FN:1494,_RNCNvNtCslNlzF6u6e2e_10autumn_web3app17run_startup_hooks0Cs9uppY7VoQWl_11app_builder
FN:1501,_RNCNvNtCslNlzF6u6e2e_10autumn_web3app18run_shutdown_hooks0Cs9uppY7VoQWl_11app_builder
FN:1559,_RNCNvNtCslNlzF6u6e2e_10autumn_web3app25load_config_and_telemetry0Cs9uppY7VoQWl_11app_builder
FN:1464,_RINvNtCslNlzF6u6e2e_10autumn_web3app14build_cron_jobNCNCNvB2_18register_cron_task00EB4_
FN:1396,_RNCNCNCNvNtCslNlzF6u6e2e_10autumn_web3app18register_cron_task000B9_
FN:1393,_RNCNCNvNtCslNlzF6u6e2e_10autumn_web3app18register_cron_task00B7_
FN:1788,_RNCNvNtCslNlzF6u6e2e_10autumn_web3app11project_dir0B5_
FN:1789,_RNCNvNtCslNlzF6u6e2e_10autumn_web3app11project_dirs_0B5_
FN:1346,_RNCNvNtCslNlzF6u6e2e_10autumn_web3app17execute_cron_task0B5_
FN:1389,_RNCNvNtCslNlzF6u6e2e_10autumn_web3app18register_cron_task0B5_
FN:1446,_RNCNvNtCslNlzF6u6e2e_10autumn_web3app18run_cron_scheduler0B5_
FN:1284,_RNCNvNtCslNlzF6u6e2e_10autumn_web3app19execute_task_result0B5_
FN:1416,_RNCNvNtCslNlzF6u6e2e_10autumn_web3app20setup_cron_scheduler0B5_
FN:1223,_RNCNvNtCslNlzF6u6e2e_10autumn_web3app20start_task_scheduler0B5_
FN:1242,_RNCNvNtCslNlzF6u6e2e_10autumn_web3app20start_task_schedulers_0B5_
FN:1749,_RNCNvNtCslNlzF6u6e2e_10autumn_web3app21format_config_summary0B5_
FN:1750,_RNCNvNtCslNlzF6u6e2e_10autumn_web3app21format_config_summarys_0B5_
FN:1309,_RNCNvNtCslNlzF6u6e2e_10autumn_web3app24execute_fixed_delay_task0B5_
FN:620,_RINvMs0_NtCslNlzF6u6e2e_10autumn_web3appNtB6_10AppBuilder10on_startupppEB8_
FN:399,_RINvMs0_NtCslNlzF6u6e2e_10autumn_web3appNtB6_10AppBuilder11error_pagespEB8_
FN:635,_RINvMs0_NtCslNlzF6u6e2e_10autumn_web3appNtB6_10AppBuilder11on_shutdownppEB8_
FN:649,_RINvMs0_NtCslNlzF6u6e2e_10autumn_web3appNtB6_10AppBuilder14with_extensionpEB8_
FN:357,_RINvMs0_NtCslNlzF6u6e2e_10autumn_web3appNtB6_10AppBuilder16exception_filterpEB8_
FN:665,_RINvMs0_NtCslNlzF6u6e2e_10autumn_web3appNtB6_10AppBuilder16update_extensionpppEB8_
FN:708,_RINvMs0_NtCslNlzF6u6e2e_10autumn_web3appNtB6_10AppBuilder18with_config_loaderpEB8_
FN:732,_RINvMs0_NtCslNlzF6u6e2e_10autumn_web3appNtB6_10AppBuilder18with_pool_providerpEB8_
FN:775,_RINvMs0_NtCslNlzF6u6e2e_10autumn_web3appNtB6_10AppBuilder18with_session_storepEB8_
FN:755,_RINvMs0_NtCslNlzF6u6e2e_10autumn_web3appNtB6_10AppBuilder23with_telemetry_providerpEB8_
FN:521,_RINvMs0_NtCslNlzF6u6e2e_10autumn_web3appNtB6_10AppBuilder5layerpEB8_
FN:797,_RINvMs0_NtCslNlzF6u6e2e_10autumn_web3appNtB6_10AppBuilder6pluginpEB8_
FN:427,_RINvMs0_NtCslNlzF6u6e2e_10autumn_web3appNtB6_10AppBuilder6scopedpEB8_
FN:816,_RINvMs0_NtCslNlzF6u6e2e_10autumn_web3appNtB6_10AppBuilder7pluginspEB8_
FN:685,_RINvMs0_NtCslNlzF6u6e2e_10autumn_web3appNtB6_10AppBuilder9extensionpEB8_
FN:626,_RNCINvMs0_NtCslNlzF6u6e2e_10autumn_web3appNtB8_10AppBuilder10on_startupppE0Ba_
FN:640,_RNCINvMs0_NtCslNlzF6u6e2e_10autumn_web3appNtB8_10AppBuilder11on_shutdownppE0Ba_
FN:675,_RNCINvMs0_NtCslNlzF6u6e2e_10autumn_web3appNtB8_10AppBuilder16update_extensionpppE0Ba_
FN:717,_RNCINvMs0_NtCslNlzF6u6e2e_10autumn_web3appNtB8_10AppBuilder18with_config_loaderpE0Ba_
FN:742,_RNCINvMs0_NtCslNlzF6u6e2e_10autumn_web3appNtB8_10AppBuilder18with_pool_providerpE0Ba_
FN:529,_RNCINvMs0_NtCslNlzF6u6e2e_10autumn_web3appNtB8_10AppBuilder5layerpE0Ba_
FN:444,_RNCINvMs0_NtCslNlzF6u6e2e_10autumn_web3appNtB8_10AppBuilder6scopedpE0Ba_
FN:718,_RNCNCINvMs0_NtCslNlzF6u6e2e_10autumn_web3appNtBa_10AppBuilder18with_config_loaderpE00Bc_
FN:743,_RNCNCINvMs0_NtCslNlzF6u6e2e_10autumn_web3appNtBa_10AppBuilder18with_pool_providerpE00Bc_
FN:1015,_RNCNCNCNvMs0_NtCslNlzF6u6e2e_10autumn_web3appNtBb_10AppBuilder3run0s1_00Bd_
FN:1034,_RNCNCNCNvMs0_NtCslNlzF6u6e2e_10autumn_web3appNtBb_10AppBuilder3run0s2_00Bd_
FN:1127,_RNCNCNvMs0_NtCslNlzF6u6e2e_10autumn_web3appNtB9_10AppBuilder14run_build_mode00Bb_
FN:1161,_RNCNCNvMs0_NtCslNlzF6u6e2e_10autumn_web3appNtB9_10AppBuilder14run_build_mode0s_0Bb_
FN:948,_RNCNCNvMs0_NtCslNlzF6u6e2e_10autumn_web3appNtB9_10AppBuilder3run00Bb_
FN:1001,_RNCNCNvMs0_NtCslNlzF6u6e2e_10autumn_web3appNtB9_10AppBuilder3run0s0_0Bb_
FN:1010,_RNCNCNvMs0_NtCslNlzF6u6e2e_10autumn_web3appNtB9_10AppBuilder3run0s1_0Bb_
FN:1026,_RNCNCNvMs0_NtCslNlzF6u6e2e_10autumn_web3appNtB9_10AppBuilder3run0s2_0Bb_
FN:1064,_RNCNCNvMs0_NtCslNlzF6u6e2e_10autumn_web3appNtB9_10AppBuilder3run0s3_0Bb_
FN:1069,_RNCNCNvMs0_NtCslNlzF6u6e2e_10autumn_web3appNtB9_10AppBuilder3run0s4_0Bb_
FN:991,_RNCNCNvMs0_NtCslNlzF6u6e2e_10autumn_web3appNtB9_10AppBuilder3run0s_0Bb_
FN:1602,_RNCNCNvNtCslNlzF6u6e2e_10autumn_web3app14setup_database00B7_
FN:1798,_RNCNCNvNtCslNlzF6u6e2e_10autumn_web3app15shutdown_signal00B7_
FN:1806,_RNCNCNvNtCslNlzF6u6e2e_10autumn_web3app15shutdown_signal0s_0B7_
FN:1566,_RNCNCNvNtCslNlzF6u6e2e_10autumn_web3app25load_config_and_telemetry00B7_
FN:1577,_RNCNCNvNtCslNlzF6u6e2e_10autumn_web3app25load_config_and_telemetry0s0_0B7_
FN:1574,_RNCNCNvNtCslNlzF6u6e2e_10autumn_web3app25load_config_and_telemetry0s_0B7_
FN:1082,_RNCNvMs0_NtCslNlzF6u6e2e_10autumn_web3appNtB7_10AppBuilder14run_build_mode0B9_
FN:881,_RNCNvMs0_NtCslNlzF6u6e2e_10autumn_web3appNtB7_10AppBuilder3run0B9_
FN:1593,_RNCNvNtCslNlzF6u6e2e_10autumn_web3app14setup_database0B5_
FN:1797,_RNCNvNtCslNlzF6u6e2e_10autumn_web3app15shutdown_signal0B5_
FN:1494,_RNCNvNtCslNlzF6u6e2e_10autumn_web3app17run_startup_hooks0B5_
FN:1501,_RNCNvNtCslNlzF6u6e2e_10autumn_web3app18run_shutdown_hooks0B5_
FN:1559,_RNCNvNtCslNlzF6u6e2e_10autumn_web3app25load_config_and_telemetry0B5_
FN:271,_RNvXININtCslNlzF6u6e2e_10autumn_web3apps_0pEpNtB5_12IntoAppLayer8apply_toB7_
FN:826,_RNvMs0_NtCslNlzF6u6e2e_10autumn_web3appNtB5_10AppBuilder10has_plugin
FN:855,_RNvMs0_NtCslNlzF6u6e2e_10autumn_web3appNtB5_10AppBuilder10migrations
FN:320,_RNvMs0_NtCslNlzF6u6e2e_10autumn_web3appNtB5_10AppBuilder13static_routes
FN:1082,_RNvMs0_NtCslNlzF6u6e2e_10autumn_web3appNtB5_10AppBuilder14run_build_mode
FN:881,_RNvMs0_NtCslNlzF6u6e2e_10autumn_web3appNtB5_10AppBuilder3run
FN:609,_RNvMs0_NtCslNlzF6u6e2e_10autumn_web3appNtB5_10AppBuilder4nest
FN:571,_RNvMs0_NtCslNlzF6u6e2e_10autumn_web3appNtB5_10AppBuilder5merge
FN:310,_RNvMs0_NtCslNlzF6u6e2e_10autumn_web3appNtB5_10AppBuilder5tasks
FN:299,_RNvMs0_NtCslNlzF6u6e2e_10autumn_web3appNtB5_10AppBuilder6routes
FN:1624,_RNvNtCslNlzF6u6e2e_10autumn_web3app11build_state
FN:1786,_RNvNtCslNlzF6u6e2e_10autumn_web3app11project_dir
FN:1586,_RNvNtCslNlzF6u6e2e_10autumn_web3app14setup_database
FN:1797,_RNvNtCslNlzF6u6e2e_10autumn_web3app15shutdown_signal
FN:1346,_RNvNtCslNlzF6u6e2e_10autumn_web3app17execute_cron_task
FN:1697,_RNvNtCslNlzF6u6e2e_10autumn_web3app17format_task_lines
FN:1731,_RNvNtCslNlzF6u6e2e_10autumn_web3app17mask_database_url
FN:1494,_RNvNtCslNlzF6u6e2e_10autumn_web3app17run_startup_hooks
FN:1650,_RNvNtCslNlzF6u6e2e_10autumn_web3app18format_route_lines
FN:1382,_RNvNtCslNlzF6u6e2e_10autumn_web3app18register_cron_task
FN:1442,_RNvNtCslNlzF6u6e2e_10autumn_web3app18run_cron_scheduler
FN:1501,_RNvNtCslNlzF6u6e2e_10autumn_web3app18run_shutdown_hooks
FN:1278,_RNvNtCslNlzF6u6e2e_10autumn_web3app19execute_task_result
FN:1186,_RNvNtCslNlzF6u6e2e_10autumn_web3app20is_static_build_mode
FN:1249,_RNvNtCslNlzF6u6e2e_10autumn_web3app20send_ws_sys_task_msg
FN:1413,_RNvNtCslNlzF6u6e2e_10autumn_web3app20setup_cron_scheduler
FN:1198,_RNvNtCslNlzF6u6e2e_10autumn_web3app20start_task_scheduler
FN:1746,_RNvNtCslNlzF6u6e2e_10autumn_web3app21format_config_summary
FN:1713,_RNvNtCslNlzF6u6e2e_10autumn_web3app22format_middleware_list
FN:1305,_RNvNtCslNlzF6u6e2e_10autumn_web3app24execute_fixed_delay_task
FN:1514,_RNvNtCslNlzF6u6e2e_10autumn_web3app24log_startup_transparency
FN:1556,_RNvNtCslNlzF6u6e2e_10autumn_web3app25load_config_and_telemetry
FN:1546,_RNvNtCslNlzF6u6e2e_10autumn_web3app35fail_fast_on_invalid_session_config
FN:68,_RNvNtCslNlzF6u6e2e_10autumn_web3app3app
FN:399,_RINvMs0_NtCs39mWnhFxKmJ_10autumn_web3appNtB6_10AppBuilder11error_pagespEB8_
FN:357,_RINvMs0_NtCs39mWnhFxKmJ_10autumn_web3appNtB6_10AppBuilder16exception_filterpEB8_
FN:708,_RINvMs0_NtCs39mWnhFxKmJ_10autumn_web3appNtB6_10AppBuilder18with_config_loaderpEB8_
FN:732,_RINvMs0_NtCs39mWnhFxKmJ_10autumn_web3appNtB6_10AppBuilder18with_pool_providerpEB8_
FN:775,_RINvMs0_NtCs39mWnhFxKmJ_10autumn_web3appNtB6_10AppBuilder18with_session_storepEB8_
FN:755,_RINvMs0_NtCs39mWnhFxKmJ_10autumn_web3appNtB6_10AppBuilder23with_telemetry_providerpEB8_
FN:521,_RINvMs0_NtCs39mWnhFxKmJ_10autumn_web3appNtB6_10AppBuilder5layerpEB8_
FN:427,_RINvMs0_NtCs39mWnhFxKmJ_10autumn_web3appNtB6_10AppBuilder6scopedpEB8_
FN:1464,_RINvNtCs39mWnhFxKmJ_10autumn_web3app14build_cron_jobpEB4_
FN:717,_RNCINvMs0_NtCs39mWnhFxKmJ_10autumn_web3appNtB8_10AppBuilder18with_config_loaderpE0Ba_
FN:742,_RNCINvMs0_NtCs39mWnhFxKmJ_10autumn_web3appNtB8_10AppBuilder18with_pool_providerpE0Ba_
FN:529,_RNCINvMs0_NtCs39mWnhFxKmJ_10autumn_web3appNtB8_10AppBuilder5layerpE0Ba_
FN:444,_RNCINvMs0_NtCs39mWnhFxKmJ_10autumn_web3appNtB8_10AppBuilder6scopedpE0Ba_
FN:718,_RNCNCINvMs0_NtCs39mWnhFxKmJ_10autumn_web3appNtBa_10AppBuilder18with_config_loaderpE00Bc_
FN:743,_RNCNCINvMs0_NtCs39mWnhFxKmJ_10autumn_web3appNtBa_10AppBuilder18with_pool_providerpE00Bc_
FN:1015,_RNCNCNCNvMs0_NtCs39mWnhFxKmJ_10autumn_web3appNtBb_10AppBuilder3run0s1_00Bd_
FN:1034,_RNCNCNCNvMs0_NtCs39mWnhFxKmJ_10autumn_web3appNtBb_10AppBuilder3run0s2_00Bd_
FN:1396,_RNCNCNCNvNtCs39mWnhFxKmJ_10autumn_web3app18register_cron_task000B9_
FN:1127,_RNCNCNvMs0_NtCs39mWnhFxKmJ_10autumn_web3appNtB9_10AppBuilder14run_build_mode00Bb_
FN:1161,_RNCNCNvMs0_NtCs39mWnhFxKmJ_10autumn_web3appNtB9_10AppBuilder14run_build_mode0s_0Bb_
FN:948,_RNCNCNvMs0_NtCs39mWnhFxKmJ_10autumn_web3appNtB9_10AppBuilder3run00Bb_
FN:1001,_RNCNCNvMs0_NtCs39mWnhFxKmJ_10autumn_web3appNtB9_10AppBuilder3run0s0_0Bb_
FN:1010,_RNCNCNvMs0_NtCs39mWnhFxKmJ_10autumn_web3appNtB9_10AppBuilder3run0s1_0Bb_
FN:1026,_RNCNCNvMs0_NtCs39mWnhFxKmJ_10autumn_web3appNtB9_10AppBuilder3run0s2_0Bb_
FN:1064,_RNCNCNvMs0_NtCs39mWnhFxKmJ_10autumn_web3appNtB9_10AppBuilder3run0s3_0Bb_
FN:1069,_RNCNCNvMs0_NtCs39mWnhFxKmJ_10autumn_web3appNtB9_10AppBuilder3run0s4_0Bb_
FN:991,_RNCNCNvMs0_NtCs39mWnhFxKmJ_10autumn_web3appNtB9_10AppBuilder3run0s_0Bb_
FN:1602,_RNCNCNvNtCs39mWnhFxKmJ_10autumn_web3app14setup_database00B7_
FN:1798,_RNCNCNvNtCs39mWnhFxKmJ_10autumn_web3app15shutdown_signal00B7_
FN:1806,_RNCNCNvNtCs39mWnhFxKmJ_10autumn_web3app15shutdown_signal0s_0B7_
FN:1393,_RNCNCNvNtCs39mWnhFxKmJ_10autumn_web3app18register_cron_task00B7_
FN:1566,_RNCNCNvNtCs39mWnhFxKmJ_10autumn_web3app25load_config_and_telemetry00B7_
FN:1577,_RNCNCNvNtCs39mWnhFxKmJ_10autumn_web3app25load_config_and_telemetry0s0_0B7_
FN:1574,_RNCNCNvNtCs39mWnhFxKmJ_10autumn_web3app25load_config_and_telemetry0s_0B7_
FN:1082,_RNCNvMs0_NtCs39mWnhFxKmJ_10autumn_web3appNtB7_10AppBuilder14run_build_mode0B9_
FN:881,_RNCNvMs0_NtCs39mWnhFxKmJ_10autumn_web3appNtB7_10AppBuilder3run0B9_
FN:1593,_RNCNvNtCs39mWnhFxKmJ_10autumn_web3app14setup_database0B5_
FN:1797,_RNCNvNtCs39mWnhFxKmJ_10autumn_web3app15shutdown_signal0B5_
FN:1346,_RNCNvNtCs39mWnhFxKmJ_10autumn_web3app17execute_cron_task0B5_
FN:1389,_RNCNvNtCs39mWnhFxKmJ_10autumn_web3app18register_cron_task0B5_
FN:1446,_RNCNvNtCs39mWnhFxKmJ_10autumn_web3app18run_cron_scheduler0B5_
FN:1416,_RNCNvNtCs39mWnhFxKmJ_10autumn_web3app20setup_cron_scheduler0B5_
FN:1223,_RNCNvNtCs39mWnhFxKmJ_10autumn_web3app20start_task_scheduler0B5_
FN:1242,_RNCNvNtCs39mWnhFxKmJ_10autumn_web3app20start_task_schedulers_0B5_
FN:1309,_RNCNvNtCs39mWnhFxKmJ_10autumn_web3app24execute_fixed_delay_task0B5_
FN:1559,_RNCNvNtCs39mWnhFxKmJ_10autumn_web3app25load_config_and_telemetry0B5_
FN:855,_RNvMs0_NtCs39mWnhFxKmJ_10autumn_web3appNtB5_10AppBuilder10migrations
FN:1082,_RNvMs0_NtCs39mWnhFxKmJ_10autumn_web3appNtB5_10AppBuilder14run_build_mode
FN:881,_RNvMs0_NtCs39mWnhFxKmJ_10autumn_web3appNtB5_10AppBuilder3run
FN:609,_RNvMs0_NtCs39mWnhFxKmJ_10autumn_web3appNtB5_10AppBuilder4nest
FN:571,_RNvMs0_NtCs39mWnhFxKmJ_10autumn_web3appNtB5_10AppBuilder5merge
FN:310,_RNvMs0_NtCs39mWnhFxKmJ_10autumn_web3appNtB5_10AppBuilder5tasks
FN:1624,_RNvNtCs39mWnhFxKmJ_10autumn_web3app11build_state
FN:1586,_RNvNtCs39mWnhFxKmJ_10autumn_web3app14setup_database
FN:1797,_RNvNtCs39mWnhFxKmJ_10autumn_web3app15shutdown_signal
FN:1346,_RNvNtCs39mWnhFxKmJ_10autumn_web3app17execute_cron_task
FN:1382,_RNvNtCs39mWnhFxKmJ_10autumn_web3app18register_cron_task
FN:1442,_RNvNtCs39mWnhFxKmJ_10autumn_web3app18run_cron_scheduler
FN:1249,_RNvNtCs39mWnhFxKmJ_10autumn_web3app20send_ws_sys_task_msg
FN:1413,_RNvNtCs39mWnhFxKmJ_10autumn_web3app20setup_cron_scheduler
FN:1198,_RNvNtCs39mWnhFxKmJ_10autumn_web3app20start_task_scheduler
FN:1305,_RNvNtCs39mWnhFxKmJ_10autumn_web3app24execute_fixed_delay_task
FN:1556,_RNvNtCs39mWnhFxKmJ_10autumn_web3app25load_config_and_telemetry
FN:1546,_RNvNtCs39mWnhFxKmJ_10autumn_web3app35fail_fast_on_invalid_session_config
FN:271,_RNvXININtCs39mWnhFxKmJ_10autumn_web3apps_0pEpNtB5_12IntoAppLayer8apply_toB7_
FN:826,_RNvMs0_NtCs39mWnhFxKmJ_10autumn_web3appNtB5_10AppBuilder10has_plugin
FN:320,_RNvMs0_NtCs39mWnhFxKmJ_10autumn_web3appNtB5_10AppBuilder13static_routes
FN:299,_RNvMs0_NtCs39mWnhFxKmJ_10autumn_web3appNtB5_10AppBuilder6routes
FN:1786,_RNvNtCs39mWnhFxKmJ_10autumn_web3app11project_dir
FN:1697,_RNvNtCs39mWnhFxKmJ_10autumn_web3app17format_task_lines
FN:1731,_RNvNtCs39mWnhFxKmJ_10autumn_web3app17mask_database_url
FN:1494,_RNvNtCs39mWnhFxKmJ_10autumn_web3app17run_startup_hooks
FN:1650,_RNvNtCs39mWnhFxKmJ_10autumn_web3app18format_route_lines
FN:1501,_RNvNtCs39mWnhFxKmJ_10autumn_web3app18run_shutdown_hooks
FN:1278,_RNvNtCs39mWnhFxKmJ_10autumn_web3app19execute_task_result
FN:1186,_RNvNtCs39mWnhFxKmJ_10autumn_web3app20is_static_build_mode
FN:1746,_RNvNtCs39mWnhFxKmJ_10autumn_web3app21format_config_summary
FN:1713,_RNvNtCs39mWnhFxKmJ_10autumn_web3app22format_middleware_list
FN:1514,_RNvNtCs39mWnhFxKmJ_10autumn_web3app24log_startup_transparency
FN:68,_RNvNtCs39mWnhFxKmJ_10autumn_web3app3app
FN:620,_RINvMs0_NtCs39mWnhFxKmJ_10autumn_web3appNtB6_10AppBuilder10on_startupNCNCNvNtB6_5testss_29startup_hook_errors_propagate00NCNCB17_00EB8_
FN:620,_RINvMs0_NtCs39mWnhFxKmJ_10autumn_web3appNtB6_10AppBuilder10on_startupNCNCNvNtB6_5testss_48startup_and_shutdown_hooks_run_in_expected_order00NCNCB17_00EB8_
FN:635,_RINvMs0_NtCs39mWnhFxKmJ_10autumn_web3appNtB6_10AppBuilder11on_shutdownNCNCNvNtB6_5testss_48startup_and_shutdown_hooks_run_in_expected_order0s0_0NCNCB18_s0_00EB8_
FN:635,_RINvMs0_NtCs39mWnhFxKmJ_10autumn_web3appNtB6_10AppBuilder11on_shutdownNCNCNvNtB6_5testss_48startup_and_shutdown_hooks_run_in_expected_order0s_0NCNCB18_s_00EB8_
FN:649,_RINvMs0_NtCs39mWnhFxKmJ_10autumn_web3appNtB6_10AppBuilder14with_extensionNtNtCsauO83Ko6oyK_5alloc6string6StringEB8_
FN:665,_RINvMs0_NtCs39mWnhFxKmJ_10autumn_web3appNtB6_10AppBuilder16update_extensionNtNtCsauO83Ko6oyK_5alloc6string6StringNvMB1d_B1b_3newNCNvNtB6_5testss_52app_builder_extensions_store_and_update_typed_values0EB8_
FN:797,_RINvMs0_NtCs39mWnhFxKmJ_10autumn_web3appNtB6_10AppBuilder6pluginNtNtNtB8_6plugin5tests10ColaPluginEB8_
FN:797,_RINvMs0_NtCs39mWnhFxKmJ_10autumn_web3appNtB6_10AppBuilder6pluginNtNtNtB8_6plugin5tests11PepsiPluginEB8_
FN:797,_RINvMs0_NtCs39mWnhFxKmJ_10autumn_web3appNtB6_10AppBuilder6pluginNtNtNtB8_6plugin5tests15RecordingPluginEB8_
FN:816,_RINvMs0_NtCs39mWnhFxKmJ_10autumn_web3appNtB6_10AppBuilder7pluginsTNtNtNtB8_6plugin5tests10ColaPluginNtB14_11PepsiPluginEEB8_
FN:685,_RINvMs0_NtCs39mWnhFxKmJ_10autumn_web3appNtB6_10AppBuilder9extensionNtNtCsauO83Ko6oyK_5alloc6string6StringEB8_
FN:626,_RNCINvMs0_NtCs39mWnhFxKmJ_10autumn_web3appNtB8_10AppBuilder10on_startupNCNCNvNtB8_5testss_29startup_hook_errors_propagate00NCNCB19_00E0Ba_
FN:626,_RNCINvMs0_NtCs39mWnhFxKmJ_10autumn_web3appNtB8_10AppBuilder10on_startupNCNCNvNtB8_5testss_48startup_and_shutdown_hooks_run_in_expected_order00NCNCB19_00E0Ba_
FN:640,_RNCINvMs0_NtCs39mWnhFxKmJ_10autumn_web3appNtB8_10AppBuilder11on_shutdownNCNCNvNtB8_5testss_48startup_and_shutdown_hooks_run_in_expected_order0s0_0NCNCB1a_s0_00E0Ba_
FN:640,_RNCINvMs0_NtCs39mWnhFxKmJ_10autumn_web3appNtB8_10AppBuilder11on_shutdownNCNCNvNtB8_5testss_48startup_and_shutdown_hooks_run_in_expected_order0s_0NCNCB1a_s_00E0Ba_
FN:675,_RNCINvMs0_NtCs39mWnhFxKmJ_10autumn_web3appNtB8_10AppBuilder16update_extensionNtNtCsauO83Ko6oyK_5alloc6string6StringNvMB1f_B1d_3newNCNvNtB8_5testss_52app_builder_extensions_store_and_update_typed_values0E0Ba_
FN:1788,_RNCNvNtCs39mWnhFxKmJ_10autumn_web3app11project_dir0B5_
FN:1789,_RNCNvNtCs39mWnhFxKmJ_10autumn_web3app11project_dirs_0B5_
FN:1494,_RNCNvNtCs39mWnhFxKmJ_10autumn_web3app17run_startup_hooks0B5_
FN:1501,_RNCNvNtCs39mWnhFxKmJ_10autumn_web3app18run_shutdown_hooks0B5_
FN:1284,_RNCNvNtCs39mWnhFxKmJ_10autumn_web3app19execute_task_result0B5_
FN:1749,_RNCNvNtCs39mWnhFxKmJ_10autumn_web3app21format_config_summary0B5_
FN:1750,_RNCNvNtCs39mWnhFxKmJ_10autumn_web3app21format_config_summarys_0B5_
FN:1831,_RNvNtNtCs39mWnhFxKmJ_10autumn_web3app5tests11test_router
FN:1856,_RNvNtNtCs39mWnhFxKmJ_10autumn_web3app5tests14test_get_route
FN:2570,_RNvNtNtCs39mWnhFxKmJ_10autumn_web3app5tests23test_router_with_config
FN:2822,_RNvNtNtCs39mWnhFxKmJ_10autumn_web3app5testss_22format_task_lines_cron
FN:2075,_RNvNtNtCs39mWnhFxKmJ_10autumn_web3app5testss_23build_router_post_route
FN:2674,_RNvNtNtCs39mWnhFxKmJ_10autumn_web3app5testss_26cors_preflight_returns_204
FN:2250,_RNvNtNtCs39mWnhFxKmJ_10autumn_web3app5testss_27build_router_serves_htmx_js
FN:2057,_RNvNtNtCs39mWnhFxKmJ_10autumn_web3app5testss_28build_router_multiple_routes
FN:2887,_RNvNtNtCs39mWnhFxKmJ_10autumn_web3app5testss_28mask_database_url_edge_cases
FN:2648,_RNvNtNtCs39mWnhFxKmJ_10autumn_web3app5testss_29cors_disabled_when_no_origins
FN:2926,_RNvNtNtCs39mWnhFxKmJ_10autumn_web3app5testss_29format_config_summary_with_db
FN:2811,_RNvNtNtCs39mWnhFxKmJ_10autumn_web3app5testss_29format_task_lines_fixed_delay
FN:1942,_RNvNtNtCs39mWnhFxKmJ_10autumn_web3app5testss_29startup_hook_errors_propagate
FN:1866,_RNvNtNtCs39mWnhFxKmJ_10autumn_web3app5testss_30app_builder_routes_adds_routes
FN:2621,_RNvNtNtCs39mWnhFxKmJ_10autumn_web3app5testss_30cors_specific_origin_reflected
FN:2914,_RNvNtNtCs39mWnhFxKmJ_10autumn_web3app5testss_30format_config_summary_defaults
FN:2836,_RNvNtNtCs39mWnhFxKmJ_10autumn_web3app5testss_30format_middleware_list_default
FN:2561,_RNvNtNtCs39mWnhFxKmJ_10autumn_web3app5testss_30project_dir_defaults_to_subdir
FN:1956,_RNvNtNtCs39mWnhFxKmJ_10autumn_web3app5testss_31build_router_mounts_user_routes
FN:2594,_RNvNtNtCs39mWnhFxKmJ_10autumn_web3app5testss_31cors_wildcard_allows_any_origin
FN:2870,_RNvNtNtCs39mWnhFxKmJ_10autumn_web3app5testss_31mask_database_url_with_password
FN:2548,_RNvNtNtCs39mWnhFxKmJ_10autumn_web3app5testss_33app_builder_accepts_static_routes
FN:2806,_RNvNtNtCs39mWnhFxKmJ_10autumn_web3app5testss_33format_task_lines_none_when_empty
FN:2982,_RNvNtNtCs39mWnhFxKmJ_10autumn_web3app5testss_33log_startup_transparency_no_tasks
FN:2744,_RNvNtNtCs39mWnhFxKmJ_10autumn_web3app5testss_34build_router_with_static_none_dist
FN:2942,_RNvNtNtCs39mWnhFxKmJ_10autumn_web3app5testss_34format_config_summary_with_profile
FN:2879,_RNvNtNtCs39mWnhFxKmJ_10autumn_web3app5testss_34mask_database_url_without_password
FN:2033,_RNvNtNtCs39mWnhFxKmJ_10autumn_web3app5testss_35build_router_adds_request_id_header
FN:2952,_RNvNtNtCs39mWnhFxKmJ_10autumn_web3app5testss_36format_config_summary_with_telemetry
FN:2783,_RNvNtNtCs39mWnhFxKmJ_10autumn_web3app5testss_36format_route_lines_lists_user_routes
FN:2045,_RNvNtNtCs39mWnhFxKmJ_10autumn_web3app5testss_38build_router_unknown_route_returns_404
FN:2906,_RNvNtNtCs39mWnhFxKmJ_10autumn_web3app5testss_38mask_database_url_invalid_url_fallback
FN:3103,_RNvNtNtCs39mWnhFxKmJ_10autumn_web3app5testss_39execute_task_result_ok_returns_duration
FN:2119,_RNvNtNtCs39mWnhFxKmJ_10autumn_web3app5testss_40build_router_merges_methods_on_same_path
FN:2849,_RNvNtNtCs39mWnhFxKmJ_10autumn_web3app5testss_41format_middleware_list_with_cors_and_csrf
FN:2967,_RNvNtNtCs39mWnhFxKmJ_10autumn_web3app5testss_43log_startup_transparency_runs_without_panic
FN:1994,_RNvNtNtCs39mWnhFxKmJ_10autumn_web3app5testss_47build_router_mounts_health_check_at_custom_path
FN:2701,_RNvNtNtCs39mWnhFxKmJ_10autumn_web3app5testss_47build_router_with_static_skips_without_manifest
FN:1972,_RNvNtNtCs39mWnhFxKmJ_10autumn_web3app5testss_48build_router_mounts_health_check_at_default_path
FN:1897,_RNvNtNtCs39mWnhFxKmJ_10autumn_web3app5testss_48startup_and_shutdown_hooks_run_in_expected_order
FN:1885,_RNvNtNtCs39mWnhFxKmJ_10autumn_web3app5testss_52app_builder_extensions_store_and_update_typed_values
FN:2345,_RNvNtNtCs39mWnhFxKmJ_10autumn_web3app5testss_52build_mode_static_rendering_bypasses_startup_barrier
FN:2382,_RNvNtNtCs39mWnhFxKmJ_10autumn_web3app5testss_52build_router_injects_live_reload_script_when_enabled
FN:2466,_RNvNtNtCs39mWnhFxKmJ_10autumn_web3app5testss_52build_router_mounts_dev_reload_endpoint_when_enabled
FN:2274,_RNvNtNtCs39mWnhFxKmJ_10autumn_web3app5testss_52build_router_serves_static_files_for_unmatched_paths
FN:3115,_RNvNtNtCs39mWnhFxKmJ_10autumn_web3app5testss_52execute_task_result_err_returns_duration_and_message
FN:2193,_RNvNtNtCs39mWnhFxKmJ_10autumn_web3app5testss_52htmx_handler_returns_javascript_with_correct_headers
FN:2419,_RNvNtNtCs39mWnhFxKmJ_10autumn_web3app5testss_59build_router_mounts_dev_reload_script_endpoint_when_enabled
FN:2797,_RNvNtNtCs39mWnhFxKmJ_10autumn_web3app5testss_60config_runtime_drift_format_route_lines_uses_actuator_prefix
FN:2505,_RNvNtNtCs39mWnhFxKmJ_10autumn_web3app5testss_64build_router_disables_cache_for_static_assets_in_dev_reload_mode
FN:2353,_RNCNCNCNCNvNtNtCs39mWnhFxKmJ_10autumn_web3app5testss_52build_mode_static_rendering_bypasses_startup_barrier0000Bd_
FN:2397,_RNCNCNCNCNvNtNtCs39mWnhFxKmJ_10autumn_web3app5testss_52build_router_injects_live_reload_script_when_enabled0000Bd_
FN:2079,_RNCNCNCNvNtNtCs39mWnhFxKmJ_10autumn_web3app5testss_23build_router_post_route000Bb_
FN:1943,_RNCNCNCNvNtNtCs39mWnhFxKmJ_10autumn_web3app5testss_29startup_hook_errors_propagate000Bb_
FN:3105,_RNCNCNCNvNtNtCs39mWnhFxKmJ_10autumn_web3app5testss_39execute_task_result_ok_returns_duration000Bb_
FN:2124,_RNCNCNCNvNtNtCs39mWnhFxKmJ_10autumn_web3app5testss_40build_router_merges_methods_on_same_path000Bb_
FN:2130,_RNCNCNCNvNtNtCs39mWnhFxKmJ_10autumn_web3app5testss_40build_router_merges_methods_on_same_path0s_00Bb_
FN:1905,_RNCNCNCNvNtNtCs39mWnhFxKmJ_10autumn_web3app5testss_48startup_and_shutdown_hooks_run_in_expected_order000Bb_
FN:1924,_RNCNCNCNvNtNtCs39mWnhFxKmJ_10autumn_web3app5testss_48startup_and_shutdown_hooks_run_in_expected_order0s0_00Bb_
FN:1915,_RNCNCNCNvNtNtCs39mWnhFxKmJ_10autumn_web3app5testss_48startup_and_shutdown_hooks_run_in_expected_order0s_00Bb_
FN:2353,_RNCNCNCNvNtNtCs39mWnhFxKmJ_10autumn_web3app5testss_52build_mode_static_rendering_bypasses_startup_barrier000Bb_
FN:2399,_RNCNCNCNvNtNtCs39mWnhFxKmJ_10autumn_web3app5testss_52build_router_injects_live_reload_script_when_enabled000Bb_
FN:3118,_RNCNCNCNvNtNtCs39mWnhFxKmJ_10autumn_web3app5testss_52execute_task_result_err_returns_duration_and_message000Bb_
FN:2452,_RNCNCNCNvNtNtCs39mWnhFxKmJ_10autumn_web3app5testss_59build_router_mounts_dev_reload_script_endpoint_when_enabled000Bb_
FN:1860,_RNCNCNvNtNtCs39mWnhFxKmJ_10autumn_web3app5tests14test_get_route00B9_
FN:2829,_RNCNCNvNtNtCs39mWnhFxKmJ_10autumn_web3app5testss_22format_task_lines_cron00B9_
FN:2079,_RNCNCNvNtNtCs39mWnhFxKmJ_10autumn_web3app5testss_23build_router_post_route00B9_
FN:2815,_RNCNCNvNtNtCs39mWnhFxKmJ_10autumn_web3app5testss_29format_task_lines_fixed_delay00B9_
FN:1947,_RNCNCNvNtNtCs39mWnhFxKmJ_10autumn_web3app5testss_29startup_hook_errors_propagate00B9_
FN:3105,_RNCNCNvNtNtCs39mWnhFxKmJ_10autumn_web3app5testss_39execute_task_result_ok_returns_duration00B9_
FN:2124,_RNCNCNvNtNtCs39mWnhFxKmJ_10autumn_web3app5testss_40build_router_merges_methods_on_same_path00B9_
FN:2130,_RNCNCNvNtNtCs39mWnhFxKmJ_10autumn_web3app5testss_40build_router_merges_methods_on_same_path0s_0B9_
FN:2975,_RNCNCNvNtNtCs39mWnhFxKmJ_10autumn_web3app5testss_43log_startup_transparency_runs_without_panic00B9_
FN:1903,_RNCNCNvNtNtCs39mWnhFxKmJ_10autumn_web3app5testss_48startup_and_shutdown_hooks_run_in_expected_order00B9_
FN:1922,_RNCNCNvNtNtCs39mWnhFxKmJ_10autumn_web3app5testss_48startup_and_shutdown_hooks_run_in_expected_order0s0_0B9_
FN:1913,_RNCNCNvNtNtCs39mWnhFxKmJ_10autumn_web3app5testss_48startup_and_shutdown_hooks_run_in_expected_order0s_0B9_
FN:2346,_RNCNCNvNtNtCs39mWnhFxKmJ_10autumn_web3app5testss_52build_mode_static_rendering_bypasses_startup_barrier00B9_
FN:2393,_RNCNCNvNtNtCs39mWnhFxKmJ_10autumn_web3app5testss_52build_router_injects_live_reload_script_when_enabled00B9_
FN:2477,_RNCNCNvNtNtCs39mWnhFxKmJ_10autumn_web3app5testss_52build_router_mounts_dev_reload_endpoint_when_enabled00B9_
FN:3118,_RNCNCNvNtNtCs39mWnhFxKmJ_10autumn_web3app5testss_52execute_task_result_err_returns_duration_and_message00B9_
FN:2434,_RNCNCNvNtNtCs39mWnhFxKmJ_10autumn_web3app5testss_59build_router_mounts_dev_reload_script_endpoint_when_enabled00B9_
FN:2524,_RNCNCNvNtNtCs39mWnhFxKmJ_10autumn_web3app5testss_64build_router_disables_cache_for_static_assets_in_dev_reload_mode00B9_
FN:1860,_RNCNvNtNtCs39mWnhFxKmJ_10autumn_web3app5tests14test_get_route0B7_
FN:2829,_RNCNvNtNtCs39mWnhFxKmJ_10autumn_web3app5testss_22format_task_lines_cron0B7_
FN:2075,_RNCNvNtNtCs39mWnhFxKmJ_10autumn_web3app5testss_23build_router_post_route0B7_
FN:2674,_RNCNvNtNtCs39mWnhFxKmJ_10autumn_web3app5testss_26cors_preflight_returns_2040B7_
FN:2250,_RNCNvNtNtCs39mWnhFxKmJ_10autumn_web3app5testss_27build_router_serves_htmx_js0B7_
FN:2057,_RNCNvNtNtCs39mWnhFxKmJ_10autumn_web3app5testss_28build_router_multiple_routes0B7_
FN:2648,_RNCNvNtNtCs39mWnhFxKmJ_10autumn_web3app5testss_29cors_disabled_when_no_origins0B7_
FN:2815,_RNCNvNtNtCs39mWnhFxKmJ_10autumn_web3app5testss_29format_task_lines_fixed_delay0B7_
FN:1942,_RNCNvNtNtCs39mWnhFxKmJ_10autumn_web3app5testss_29startup_hook_errors_propagate0B7_
FN:2621,_RNCNvNtNtCs39mWnhFxKmJ_10autumn_web3app5testss_30cors_specific_origin_reflected0B7_
FN:1956,_RNCNvNtNtCs39mWnhFxKmJ_10autumn_web3app5testss_31build_router_mounts_user_routes0B7_
FN:2594,_RNCNvNtNtCs39mWnhFxKmJ_10autumn_web3app5testss_31cors_wildcard_allows_any_origin0B7_
FN:2744,_RNCNvNtNtCs39mWnhFxKmJ_10autumn_web3app5testss_34build_router_with_static_none_dist0B7_
FN:2033,_RNCNvNtNtCs39mWnhFxKmJ_10autumn_web3app5testss_35build_router_adds_request_id_header0B7_
FN:2045,_RNCNvNtNtCs39mWnhFxKmJ_10autumn_web3app5testss_38build_router_unknown_route_returns_4040B7_
FN:3103,_RNCNvNtNtCs39mWnhFxKmJ_10autumn_web3app5testss_39execute_task_result_ok_returns_duration0B7_
FN:2119,_RNCNvNtNtCs39mWnhFxKmJ_10autumn_web3app5testss_40build_router_merges_methods_on_same_path0B7_
FN:2975,_RNCNvNtNtCs39mWnhFxKmJ_10autumn_web3app5testss_43log_startup_transparency_runs_without_panic0B7_
FN:1994,_RNCNvNtNtCs39mWnhFxKmJ_10autumn_web3app5testss_47build_router_mounts_health_check_at_custom_path0B7_
FN:2701,_RNCNvNtNtCs39mWnhFxKmJ_10autumn_web3app5testss_47build_router_with_static_skips_without_manifest0B7_
FN:1972,_RNCNvNtNtCs39mWnhFxKmJ_10autumn_web3app5testss_48build_router_mounts_health_check_at_default_path0B7_
FN:1897,_RNCNvNtNtCs39mWnhFxKmJ_10autumn_web3app5testss_48startup_and_shutdown_hooks_run_in_expected_order0B7_
FN:1888,_RNCNvNtNtCs39mWnhFxKmJ_10autumn_web3app5testss_52app_builder_extensions_store_and_update_typed_values0B7_
FN:2345,_RNCNvNtNtCs39mWnhFxKmJ_10autumn_web3app5testss_52build_mode_static_rendering_bypasses_startup_barrier0B7_
FN:2382,_RNCNvNtNtCs39mWnhFxKmJ_10autumn_web3app5testss_52build_router_injects_live_reload_script_when_enabled0B7_
FN:2466,_RNCNvNtNtCs39mWnhFxKmJ_10autumn_web3app5testss_52build_router_mounts_dev_reload_endpoint_when_enabled0B7_
FN:2274,_RNCNvNtNtCs39mWnhFxKmJ_10autumn_web3app5testss_52build_router_serves_static_files_for_unmatched_paths0B7_
FN:3115,_RNCNvNtNtCs39mWnhFxKmJ_10autumn_web3app5testss_52execute_task_result_err_returns_duration_and_message0B7_
FN:2193,_RNCNvNtNtCs39mWnhFxKmJ_10autumn_web3app5testss_52htmx_handler_returns_javascript_with_correct_headers0B7_
FN:2419,_RNCNvNtNtCs39mWnhFxKmJ_10autumn_web3app5testss_59build_router_mounts_dev_reload_script_endpoint_when_enabled0B7_
FN:2505,_RNCNvNtNtCs39mWnhFxKmJ_10autumn_web3app5testss_64build_router_disables_cache_for_static_assets_in_dev_reload_mode0B7_
FN:271,_RNvXs_NtCslNlzF6u6e2e_10autumn_web3appNtCs95ch7NHVUcv_12custom_layer12PendingLayerNtB4_12IntoAppLayer8apply_toBC_
FN:271,_RNvXs_NtCslNlzF6u6e2e_10autumn_web3appNtCs95ch7NHVUcv_12custom_layer14CaptureIdLayerNtB4_12IntoAppLayer8apply_toBC_
FN:271,_RNvXs_NtCslNlzF6u6e2e_10autumn_web3appINtNtCs524LpGUut0J_5tower7builder14ServiceBuilderINtNtCscMAT8yzRe8V_11tower_layer5stack5StackNtNtNtBF_7timeout5layer12TimeoutLayerIB1o_INtNtCs2SFNBOiMNMK_4axum14error_handling16HandleErrorLayerNCNCNvCs95ch7NHVUcv_12custom_layers_32timeout_layer_one_liner_triggers00uENtNtB1s_8identity8IdentityEEENtB4_12IntoAppLayer8apply_toB3N_
FN:357,_RINvMs0_NtCslNlzF6u6e2e_10autumn_web3appNtB6_10AppBuilder16exception_filterNtNvCsioC65L6WwC5_19middleware_pipelines_37app_builder_exception_filter_compiles10NoopFilterEB1f_
FN:427,_RINvMs0_NtCslNlzF6u6e2e_10autumn_web3appNtB6_10AppBuilder6scopedNtCsioC65L6WwC5_19middleware_pipeline14AddHeaderLayerEB12_
FN:444,_RNCINvMs0_NtCslNlzF6u6e2e_10autumn_web3appNtB8_10AppBuilder6scopedNtCsioC65L6WwC5_19middleware_pipeline14AddHeaderLayerE0B14_
FNDA:0,_RNCNCNCNvMs0_NtCslNlzF6u6e2e_10autumn_web3appNtBb_10AppBuilder3run0s1_00Cs9uppY7VoQWl_11app_builder
FNDA:0,_RNCNCNCNvMs0_NtCslNlzF6u6e2e_10autumn_web3appNtBb_10AppBuilder3run0s2_00Cs9uppY7VoQWl_11app_builder
FNDA:0,_RNCNCNvMs0_NtCslNlzF6u6e2e_10autumn_web3appNtB9_10AppBuilder14run_build_mode00Cs9uppY7VoQWl_11app_builder
FNDA:0,_RNCNCNvMs0_NtCslNlzF6u6e2e_10autumn_web3appNtB9_10AppBuilder14run_build_mode0s_0Cs9uppY7VoQWl_11app_builder
FNDA:0,_RNCNCNvMs0_NtCslNlzF6u6e2e_10autumn_web3appNtB9_10AppBuilder3run00Cs9uppY7VoQWl_11app_builder
FNDA:0,_RNCNCNvMs0_NtCslNlzF6u6e2e_10autumn_web3appNtB9_10AppBuilder3run0s0_0Cs9uppY7VoQWl_11app_builder
FNDA:0,_RNCNCNvMs0_NtCslNlzF6u6e2e_10autumn_web3appNtB9_10AppBuilder3run0s1_0Cs9uppY7VoQWl_11app_builder
[...]
FNDA:1,_RINvMNtCslNlzF6u6e2e_10autumn_web4testNtB3_7TestApp5layerNtCs95ch7NHVUcv_12custom_layer12PendingLayerEBV_
FNDA:1,_RINvMNtCslNlzF6u6e2e_10autumn_web4testNtB3_7TestApp5layerNtCs95ch7NHVUcv_12custom_layer14CaptureIdLayerEBV_
FNDA:1,_RNCINvMNtCslNlzF6u6e2e_10autumn_web4testNtB5_7TestApp5layerINtNtCs524LpGUut0J_5tower7builder14ServiceBuilderINtNtCscMAT8yzRe8V_11tower_layer5stack5StackNtNtNtB10_7timeout5layer12TimeoutLayerIB1J_INtNtCs2SFNBOiMNMK_4axum14error_handling16HandleErrorLayerNCNCNvCs95ch7NHVUcv_12custom_layers_32timeout_layer_one_liner_triggers00uENtNtB1N_8identity8IdentityEEEE0B49_
FNDA:1,_RNCINvMNtCslNlzF6u6e2e_10autumn_web4testNtB5_7TestApp5layerNtCs95ch7NHVUcv_12custom_layer12PendingLayerE0BX_
FNDA:1,_RNCINvMNtCslNlzF6u6e2e_10autumn_web4testNtB5_7TestApp5layerNtCs95ch7NHVUcv_12custom_layer14CaptureIdLayerE0BX_
FNDA:26,_RNCNCNvMs1_NtCslNlzF6u6e2e_10autumn_web4testNtB9_14RequestBuilder4send00Cs95ch7NHVUcv_12custom_layer
FNDA:4,_RNCNvMs1_NtCslNlzF6u6e2e_10autumn_web4testNtB7_14RequestBuilder4send0Cs95ch7NHVUcv_12custom_layer
FNDA:9,_RNCNCNvMs1_NtCslNlzF6u6e2e_10autumn_web4testNtB9_14RequestBuilder4send00CsioC65L6WwC5_19middleware_pipeline
FNDA:4,_RNCNvMs1_NtCslNlzF6u6e2e_10autumn_web4testNtB7_14RequestBuilder4send0CsioC65L6WwC5_19middleware_pipeline
FNDA:156,_RNCNCNvMs1_NtCslNlzF6u6e2e_10autumn_web4testNtB9_14RequestBuilder4send00CsdRZVjt6QHeV_19rate_limit_pipeline
FNDA:16,_RNCNvMs1_NtCslNlzF6u6e2e_10autumn_web4testNtB7_14RequestBuilder4send0CsdRZVjt6QHeV_19rate_limit_pipeline
FNDA:117,_RNCNCNvMs1_NtCslNlzF6u6e2e_10autumn_web4testNtB9_14RequestBuilder4send00CshlDlmXoTV6a_23raw_router_escape_hatch
FNDA:13,_RNCNvMs1_NtCslNlzF6u6e2e_10autumn_web4testNtB7_14RequestBuilder4send0CshlDlmXoTV6a_23raw_router_escape_hatch
FNDA:1,_RINvMs2_NtCslNlzF6u6e2e_10autumn_web4testNtB6_12TestResponse11assert_jsonNtNtCsi468O0DAOwe_10serde_json5value5ValueNCNCNvCs59JbeOYRTbv_20test_app_integrations_17update_user_by_id00EB1V_
FNDA:1,_RINvMs2_NtCslNlzF6u6e2e_10autumn_web4testNtB6_12TestResponse11assert_jsonNtNtCsi468O0DAOwe_10serde_json5value5ValueNCNCNvCs59JbeOYRTbv_20test_app_integrations_18validation_success00EB1V_
FNDA:1,_RINvMs2_NtCslNlzF6u6e2e_10autumn_web4testNtB6_12TestResponse11assert_jsonNtNtCsi468O0DAOwe_10serde_json5value5ValueNCNCNvCs59JbeOYRTbv_20test_app_integrations_19full_crud_lifecycle00EB1V_
FNDA:1,_RINvMs2_NtCslNlzF6u6e2e_10autumn_web4testNtB6_12TestResponse11assert_jsonNtNtCsi468O0DAOwe_10serde_json5value5ValueNCNCNvCs59JbeOYRTbv_20test_app_integrations_19full_crud_lifecycle0s_0EB1V_
FNDA:1,_RINvMs2_NtCslNlzF6u6e2e_10autumn_web4testNtB6_12TestResponse11assert_jsonNtNtCsi468O0DAOwe_10serde_json5value5ValueNCNCNvCs59JbeOYRTbv_20test_app_integrations_19get_user_by_id_test00EB1V_
FNDA:1,_RINvMs2_NtCslNlzF6u6e2e_10autumn_web4testNtB6_12TestResponse11assert_jsonNtNtCsi468O0DAOwe_10serde_json5value5ValueNCNCNvCs59JbeOYRTbv_20test_app_integrations_23create_user_returns_20100EB1V_
FNDA:1,_RINvMs2_NtCslNlzF6u6e2e_10autumn_web4testNtB6_12TestResponse11assert_jsonNtNtCsi468O0DAOwe_10serde_json5value5ValueNCNCNvCs59JbeOYRTbv_20test_app_integrations_28health_endpoint_returns_json00EB1V_
FNDA:9,_RINvMs2_NtCslNlzF6u6e2e_10autumn_web4testNtB6_12TestResponse4jsonNtNtCsi468O0DAOwe_10serde_json5value5ValueECs59JbeOYRTbv_20test_app_integration
FNDA:169,_RNCNCNvMs1_NtCslNlzF6u6e2e_10autumn_web4testNtB9_14RequestBuilder4send00Cs59JbeOYRTbv_20test_app_integration
FNDA:19,_RNCNvMs1_NtCslNlzF6u6e2e_10autumn_web4testNtB7_14RequestBuilder4send0Cs59JbeOYRTbv_20test_app_integration
FNDA:0,_RINvMs2_NtCslNlzF6u6e2e_10autumn_web4testNtB6_12TestResponse11assert_jsonINtNtCsauO83Ko6oyK_5alloc3vec3VecNtNtCsi468O0DAOwe_10serde_json5value5ValueENCNCNvNtCseI6M5hsFu0M_19test_db_integration8db_testss_30create_multiple_items_and_list00EB2v_
FNDA:0,_RINvMs2_NtCslNlzF6u6e2e_10autumn_web4testNtB6_12TestResponse11assert_jsonNtNtCsi468O0DAOwe_10serde_json5value5ValueNCNCNvNtCseI6M5hsFu0M_19test_db_integration8db_testss_24create_and_retrieve_item00EB1X_
FNDA:0,_RINvMs2_NtCslNlzF6u6e2e_10autumn_web4testNtB6_12TestResponse11assert_jsonNtNtCsi468O0DAOwe_10serde_json5value5ValueNCNCNvNtCseI6M5hsFu0M_19test_db_integration8db_testss_24create_and_retrieve_item0s_0EB1X_
FNDA:0,_RINvMs2_NtCslNlzF6u6e2e_10autumn_web4testNtB6_12TestResponse4jsonINtNtCsauO83Ko6oyK_5alloc3vec3VecNtNtCsi468O0DAOwe_10serde_json5value5ValueEECseI6M5hsFu0M_19test_db_integration
FNDA:0,_RINvMs2_NtCslNlzF6u6e2e_10autumn_web4testNtB6_12TestResponse4jsonNtNtCsi468O0DAOwe_10serde_json5value5ValueECseI6M5hsFu0M_19test_db_integration
FNDA:0,_RNCNCNvMs1_NtCslNlzF6u6e2e_10autumn_web4testNtB9_14RequestBuilder4send00CseI6M5hsFu0M_19test_db_integration
FNDA:0,_RNCNvMs1_NtCslNlzF6u6e2e_10autumn_web4testNtB7_14RequestBuilder4send0CseI6M5hsFu0M_19test_db_integration
FNF:66
FNH:60
DA:117,41
DA:118,41
DA:119,41
DA:121,41
DA:123,41
DA:124,41
DA:125,41
DA:126,41
DA:127,41
DA:128,41
DA:129,41
DA:130,41
DA:131,41
DA:132,41
DA:139,7
DA:140,7
DA:141,7
DA:142,7
DA:148,5
DA:149,5
DA:150,5
DA:151,5
DA:158,3
DA:159,3
DA:160,3
DA:161,3
DA:162,3
DA:169,2
DA:170,2
DA:171,2
DA:175,32
DA:176,32
DA:177,32
DA:178,32
DA:182,3
DA:183,3
DA:184,3
DA:185,3
DA:189,1
DA:190,1
DA:191,1
DA:192,1
DA:197,0
DA:198,0
DA:199,0
DA:200,0
DA:208,40
DA:209,40
DA:210,40
DA:211,40
DA:212,40
DA:213,40
DA:214,40
DA:215,40
DA:216,40
DA:217,40
DA:218,40
DA:219,40
DA:220,40
DA:221,40
DA:222,40
DA:223,40
DA:224,40
DA:225,40
DA:226,40
DA:227,40
DA:229,40
DA:230,40
DA:231,40
DA:232,40
DA:233,40
DA:234,40
DA:235,40
DA:236,40
DA:237,40
DA:238,40
DA:239,40
DA:240,40
DA:241,40
DA:243,40
DA:244,40
DA:245,40
DA:249,1
DA:250,1
DA:251,1
DA:291,0
DA:292,0
DA:293,0
DA:297,50
DA:298,50
DA:299,50
DA:303,11
DA:304,11
DA:305,11
DA:309,2
DA:310,2
DA:311,2
DA:315,2
DA:316,2
DA:317,2
DA:321,0
DA:322,0
DA:323,0
DA:342,65
DA:343,65
DA:344,65
DA:345,65
DA:346,65
DA:347,65
DA:348,65
DA:349,65
DA:350,65
DA:354,17
DA:355,17
DA:356,17
DA:357,17
DA:363,11
DA:364,11
DA:365,11
DA:366,11
DA:367,11
DA:368,11
DA:374,1
DA:375,1
DA:376,1
DA:377,1
DA:378,1
DA:379,1
DA:380,1
DA:381,1
DA:385,0
DA:386,0
DA:387,0
DA:388,0
DA:392,65
DA:393,65
DA:395,65
DA:396,29
DA:397,29
DA:399,65
DA:401,65
DA:403,64
DA:404,64
DA:405,64
DA:406,64
DA:407,558
DA:408,64
DA:409,64
DA:410,64
DA:411,64
DA:413,64
DA:414,64
DA:415,64
DA:416,64
DA:417,64
DA:418,64
DA:449,19
DA:450,19
DA:451,19
DA:460,10
DA:461,10
DA:462,10
DA:466,8
DA:467,8
DA:468,8
DA:469,8
DA:470,15
DA:471,8
DA:472,8
DA:478,16
DA:479,16
DA:484,0
DA:486,16
DA:487,16
DA:491,47
DA:492,47
DA:493,47
DA:497,0
DA:499,47
DA:500,47
DA:504,1
DA:505,1
DA:506,1
DA:509,0
DA:511,1
DA:512,1
DA:516,1
DA:517,1
DA:518,1
DA:519,1
DA:520,1
DA:524,1
DA:525,1
DA:529,2
DA:530,2
DA:531,2
DA:532,2
DA:533,2
DA:534,2
DA:537,2
DA:538,2
DA:542,6
DA:543,6
DA:544,6
DA:545,6
DA:548,6
DA:549,6
DA:553,13
DA:554,13
DA:555,13
DA:556,13
DA:557,13
DA:561,8
DA:562,8
DA:563,8
DA:564,8
DA:566,8
DA:567,8
DA:568,8
DA:569,8
DA:573,1
DA:574,1
DA:575,1
DA:577,0
DA:578,0
DA:580,1
DA:581,1
DA:713,7
DA:716,3
DA:717,3
DA:718,3
DA:720,2
DA:721,2
DA:722,2
DA:723,2
DA:724,2
DA:726,1
DA:727,1
DA:728,1
DA:730,7
DA:731,7
DA:732,7
DA:733,7
DA:734,7
DA:735,7
DA:736,7
DA:737,7
DA:738,7
DA:739,7
DA:740,7
DA:741,7
DA:742,7
DA:743,7
DA:744,7
DA:745,7
DA:746,7
DA:747,7
DA:748,7
DA:750,7
DA:753,1
DA:754,1
DA:755,1
DA:756,1
DA:759,1
DA:760,1
DA:762,1
DA:763,1
DA:764,1
DA:765,1
DA:766,1
DA:767,1
DA:768,1
DA:769,1
DA:772,1
DA:773,1
DA:775,1
DA:776,1
DA:777,1
DA:778,1
DA:779,1
DA:780,1
DA:781,1
DA:784,1
DA:785,1
DA:786,1
DA:787,1
DA:790,1
DA:791,1
DA:792,1
DA:793,1
DA:796,1
DA:797,1
DA:799,1
DA:800,1
DA:801,1
DA:802,1
DA:803,1
DA:805,1
DA:806,1
DA:807,1
DA:808,1
DA:811,1
DA:812,1
DA:814,1
DA:815,1
DA:816,1
DA:817,1
DA:818,1
DA:819,1
DA:820,1
DA:823,1
DA:824,1
DA:825,1
BRF:0
BRH:0
LF:353
LH:332
end_of_record
SF:/app/autumn/src/validation.rs
FN:122,_RNCNvXININtCslNlzF6u6e2e_10autumn_web10validations2_0pppEINtB7_5ValidpEINtNtCsemqjQd4VUoN_9axum_core7extract11FromRequestpE12from_request0B9_
FN:49,_RNvMNtCslNlzF6u6e2e_10autumn_web10validationINtB2_9ValidatedpE10into_innerB4_
FN:43,_RNvMNtCslNlzF6u6e2e_10autumn_web10validationINtB2_9ValidatedpE3newB4_
FN:62,_RNvXININtCslNlzF6u6e2e_10autumn_web10validations0_0pEINtB5_9ValidatedpEINtNtCs4kUJL3MZFFz_4core7convert5AsRefpE6as_refB7_
FN:122,_RNvXININtCslNlzF6u6e2e_10autumn_web10validations2_0pppEINtB5_5ValidpEINtNtCsemqjQd4VUoN_9axum_core7extract11FromRequestpE12from_requestB7_
FN:149,_RNvXININtCslNlzF6u6e2e_10autumn_web10validations3_0pEINtNtCs2SFNBOiMNMK_4axum4json4JsonpENtB5_13AsValidatable14as_validatableB7_
FN:156,_RNvXININtCslNlzF6u6e2e_10autumn_web10validations4_0pEINtNtCs2SFNBOiMNMK_4axum4form4FormpENtB5_13AsValidatable14as_validatableB7_
FN:163,_RNvXININtCslNlzF6u6e2e_10autumn_web10validations5_0pEINtNtNtCs2SFNBOiMNMK_4axum7extract5query5QuerypENtB5_13AsValidatable14as_validatableB7_
FN:56,_RNvXININtCslNlzF6u6e2e_10autumn_web10validations_0pEINtB5_9ValidatedpENtNtNtCs4kUJL3MZFFz_4core3ops5deref5Deref5derefB7_
FN:81,_RNvYpNtNtCslNlzF6u6e2e_10autumn_web10validation11ValidateExt8validateB7_
FN:178,_RNCNCNCNvNtCslNlzF6u6e2e_10autumn_web10validation24validation_errors_to_map000B9_
FN:176,_RNCNCNvNtCslNlzF6u6e2e_10autumn_web10validation24validation_errors_to_map00B7_
FN:173,_RNCNvNtCslNlzF6u6e2e_10autumn_web10validation24validation_errors_to_map0B5_
FN:169,_RNvNtCslNlzF6u6e2e_10autumn_web10validation24validation_errors_to_map
FN:193,_RNvNtCslNlzF6u6e2e_10autumn_web10validation33validation_errors_to_autumn_error
FN:122,_RNCNvXININtCs39mWnhFxKmJ_10autumn_web10validations2_0pppEINtB7_5ValidpEINtNtCsemqjQd4VUoN_9axum_core7extract11FromRequestpE12from_request0B9_
FN:122,_RNvXININtCs39mWnhFxKmJ_10autumn_web10validations2_0pppEINtB5_5ValidpEINtNtCsemqjQd4VUoN_9axum_core7extract11FromRequestpE12from_requestB7_
FN:149,_RNvXININtCs39mWnhFxKmJ_10autumn_web10validations3_0pEINtNtCs2SFNBOiMNMK_4axum4json4JsonpENtB5_13AsValidatable14as_validatableB7_
FN:156,_RNvXININtCs39mWnhFxKmJ_10autumn_web10validations4_0pEINtNtCs2SFNBOiMNMK_4axum4form4FormpENtB5_13AsValidatable14as_validatableB7_
FN:163,_RNvXININtCs39mWnhFxKmJ_10autumn_web10validations5_0pEINtNtNtCs2SFNBOiMNMK_4axum7extract5query5QuerypENtB5_13AsValidatable14as_validatableB7_
FN:169,_RNvNtCs39mWnhFxKmJ_10autumn_web10validation24validation_errors_to_map
FN:193,_RNvNtCs39mWnhFxKmJ_10autumn_web10validation33validation_errors_to_autumn_error
FN:81,_RNvYNtNvNtNtCs39mWnhFxKmJ_10autumn_web10validation5testss_15validate_ext_ok9GoodInputNtB8_11ValidateExt8validateBa_
FN:81,_RNvYNtNvNtNtCs39mWnhFxKmJ_10autumn_web10validation5testss_16validate_ext_err8BadInputNtB8_11ValidateExt8validateBa_
FN:241,_RNvNtNtCs39mWnhFxKmJ_10autumn_web10validation5testss_15validate_ext_ok
FN:202,_RNvNtNtCs39mWnhFxKmJ_10autumn_web10validation5testss_15validated_deref
FN:257,_RNvNtNtCs39mWnhFxKmJ_10autumn_web10validation5testss_16validate_ext_err
FN:215,_RNvNtNtCs39mWnhFxKmJ_10autumn_web10validation5testss_16validated_as_ref
FN:208,_RNvNtNtCs39mWnhFxKmJ_10autumn_web10validation5testss_20validated_into_inner
FN:222,_RNvNtNtCs39mWnhFxKmJ_10autumn_web10validation5testss_30validation_errors_to_map_basic
FN:270,_RNvNtNtCs39mWnhFxKmJ_10autumn_web10validation5testss_41validation_errors_convert_to_autumn_error
FN:289,_RNvNtNtCs39mWnhFxKmJ_10autumn_web10validation5testss_41validation_errors_to_map_fallback_message
FN:178,_RNCNCNCNvNtCs39mWnhFxKmJ_10autumn_web10validation24validation_errors_to_map000B9_
FN:176,_RNCNCNvNtCs39mWnhFxKmJ_10autumn_web10validation24validation_errors_to_map00B7_
FN:173,_RNCNvNtCs39mWnhFxKmJ_10autumn_web10validation24validation_errors_to_map0B5_
FN:43,_RNvMNtCs39mWnhFxKmJ_10autumn_web10validationINtB2_9ValidatedINtNtCsauO83Ko6oyK_5alloc3vec3VeclEE3newB4_
FN:49,_RNvMNtCs39mWnhFxKmJ_10autumn_web10validationINtB2_9ValidatedNtNtCsauO83Ko6oyK_5alloc6string6StringE10into_innerB4_
FN:43,_RNvMNtCs39mWnhFxKmJ_10autumn_web10validationINtB2_9ValidatedNtNtCsauO83Ko6oyK_5alloc6string6StringE3newB4_
FN:43,_RNvMNtCs39mWnhFxKmJ_10autumn_web10validationINtB2_9ValidatedNtNvNtB2_5testss_15validate_ext_ok9GoodInputE3newB4_
FN:43,_RNvMNtCs39mWnhFxKmJ_10autumn_web10validationINtB2_9ValidatedNtNvNtB2_5testss_16validate_ext_err8BadInputE3newB4_
FN:43,_RNvMNtCs39mWnhFxKmJ_10autumn_web10validationINtB2_9ValidatedlE3newB4_
FN:62,_RNvXs0_NtCs39mWnhFxKmJ_10autumn_web10validationINtB5_9ValidatedINtNtCsauO83Ko6oyK_5alloc3vec3VeclEEINtNtCs4kUJL3MZFFz_4core7convert5AsRefBZ_E6as_refB7_
FN:56,_RNvXs_NtCs39mWnhFxKmJ_10autumn_web10validationINtB4_9ValidatedNtNvNtB4_5testss_15validate_ext_ok9GoodInputENtNtNtCs4kUJL3MZFFz_4core3ops5deref5Deref5derefB6_
FN:56,_RNvXs_NtCs39mWnhFxKmJ_10autumn_web10validationINtB4_9ValidatedlENtNtNtCs4kUJL3MZFFz_4core3ops5deref5Deref5derefB6_
FN:149,_RNvXs3_NtCslNlzF6u6e2e_10autumn_web10validationINtNtCs2SFNBOiMNMK_4axum4json4JsonNtCs59JbeOYRTbv_20test_app_integration13SentinelInputENtB5_13AsValidatable14as_validatableB1j_
FN:122,_RNCNvXs2_NtCslNlzF6u6e2e_10autumn_web10validationINtB7_5ValidINtNtCs2SFNBOiMNMK_4axum4json4JsonNtCs59JbeOYRTbv_20test_app_integration13SentinelInputEEINtNtCsemqjQd4VUoN_9axum_core7extract11FromRequestNtNtB9_5state8AppStateE12from_request0B1x_
FN:122,_RNvXs2_NtCslNlzF6u6e2e_10autumn_web10validationINtB5_5ValidINtNtCs2SFNBOiMNMK_4axum4json4JsonNtCs59JbeOYRTbv_20test_app_integration13SentinelInputEEINtNtCsemqjQd4VUoN_9axum_core7extract11FromRequestNtNtB7_5state8AppStateE12from_requestB1v_
FNDA:0,_RNCNvXININtCslNlzF6u6e2e_10autumn_web10validations2_0pppEINtB7_5ValidpEINtNtCsemqjQd4VUoN_9axum_core7extract11FromRequestpE12from_request0B9_
FNDA:0,_RNvMNtCslNlzF6u6e2e_10autumn_web10validationINtB2_9ValidatedpE10into_innerB4_
FNDA:0,_RNvMNtCslNlzF6u6e2e_10autumn_web10validationINtB2_9ValidatedpE3newB4_
FNDA:0,_RNvXININtCslNlzF6u6e2e_10autumn_web10validations0_0pEINtB5_9ValidatedpEINtNtCs4kUJL3MZFFz_4core7convert5AsRefpE6as_refB7_
FNDA:0,_RNvXININtCslNlzF6u6e2e_10autumn_web10validations2_0pppEINtB5_5ValidpEINtNtCsemqjQd4VUoN_9axum_core7extract11FromRequestpE12from_requestB7_
FNDA:0,_RNvXININtCslNlzF6u6e2e_10autumn_web10validations3_0pEINtNtCs2SFNBOiMNMK_4axum4json4JsonpENtB5_13AsValidatable14as_validatableB7_
FNDA:0,_RNvXININtCslNlzF6u6e2e_10autumn_web10validations4_0pEINtNtCs2SFNBOiMNMK_4axum4form4FormpENtB5_13AsValidatable14as_validatableB7_
FNDA:0,_RNvXININtCslNlzF6u6e2e_10autumn_web10validations5_0pEINtNtNtCs2SFNBOiMNMK_4axum7extract5query5QuerypENtB5_13AsValidatable14as_validatableB7_
FNDA:0,_RNvXININtCslNlzF6u6e2e_10autumn_web10validations_0pEINtB5_9ValidatedpENtNtNtCs4kUJL3MZFFz_4core3ops5deref5Deref5derefB7_
FNDA:0,_RNvYpNtNtCslNlzF6u6e2e_10autumn_web10validation11ValidateExt8validateB7_
FNDA:0,_RNCNCNCNvNtCslNlzF6u6e2e_10autumn_web10validation24validation_errors_to_map000B9_
FNDA:2,_RNCNCNvNtCslNlzF6u6e2e_10autumn_web10validation24validation_errors_to_map00B7_
FNDA:2,_RNCNvNtCslNlzF6u6e2e_10autumn_web10validation24validation_errors_to_map0B5_
FNDA:1,_RNvNtCslNlzF6u6e2e_10autumn_web10validation24validation_errors_to_map
FNDA:0,_RNvNtCslNlzF6u6e2e_10autumn_web10validation33validation_errors_to_autumn_error
FNDA:0,_RNCNvXININtCs39mWnhFxKmJ_10autumn_web10validations2_0pppEINtB7_5ValidpEINtNtCsemqjQd4VUoN_9axum_core7extract11FromRequestpE12from_request0B9_
FNDA:0,_RNvXININtCs39mWnhFxKmJ_10autumn_web10validations2_0pppEINtB5_5ValidpEINtNtCsemqjQd4VUoN_9axum_core7extract11FromRequestpE12from_requestB7_
FNDA:0,_RNvXININtCs39mWnhFxKmJ_10autumn_web10validations3_0pEINtNtCs2SFNBOiMNMK_4axum4json4JsonpENtB5_13AsValidatable14as_validatableB7_
FNDA:0,_RNvXININtCs39mWnhFxKmJ_10autumn_web10validations4_0pEINtNtCs2SFNBOiMNMK_4axum4form4FormpENtB5_13AsValidatable14as_validatableB7_
FNDA:0,_RNvXININtCs39mWnhFxKmJ_10autumn_web10validations5_0pEINtNtNtCs2SFNBOiMNMK_4axum7extract5query5QuerypENtB5_13AsValidatable14as_validatableB7_
FNDA:4,_RNvNtCs39mWnhFxKmJ_10autumn_web10validation24validation_errors_to_map
FNDA:2,_RNvNtCs39mWnhFxKmJ_10autumn_web10validation33validation_errors_to_autumn_error
FNDA:1,_RNvYNtNvNtNtCs39mWnhFxKmJ_10autumn_web10validation5testss_15validate_ext_ok9GoodInputNtB8_11ValidateExt8validateBa_
FNDA:1,_RNvYNtNvNtNtCs39mWnhFxKmJ_10autumn_web10validation5testss_16validate_ext_err8BadInputNtB8_11ValidateExt8validateBa_
FNDA:1,_RNvNtNtCs39mWnhFxKmJ_10autumn_web10validation5testss_15validate_ext_ok
FNDA:1,_RNvNtNtCs39mWnhFxKmJ_10autumn_web10validation5testss_15validated_deref
FNDA:1,_RNvNtNtCs39mWnhFxKmJ_10autumn_web10validation5testss_16validate_ext_err
FNDA:1,_RNvNtNtCs39mWnhFxKmJ_10autumn_web10validation5testss_16validated_as_ref
FNDA:1,_RNvNtNtCs39mWnhFxKmJ_10autumn_web10validation5testss_20validated_into_inner
FNDA:1,_RNvNtNtCs39mWnhFxKmJ_10autumn_web10validation5testss_30validation_errors_to_map_basic
FNDA:1,_RNvNtNtCs39mWnhFxKmJ_10autumn_web10validation5testss_41validation_errors_convert_to_autumn_error
FNDA:1,_RNvNtNtCs39mWnhFxKmJ_10autumn_web10validation5testss_41validation_errors_to_map_fallback_message
FNDA:4,_RNCNCNCNvNtCs39mWnhFxKmJ_10autumn_web10validation24validation_errors_to_map000B9_
FNDA:4,_RNCNCNvNtCs39mWnhFxKmJ_10autumn_web10validation24validation_errors_to_map00B7_
FNDA:4,_RNCNvNtCs39mWnhFxKmJ_10autumn_web10validation24validation_errors_to_map0B5_
FNDA:1,_RNvMNtCs39mWnhFxKmJ_10autumn_web10validationINtB2_9ValidatedINtNtCsauO83Ko6oyK_5alloc3vec3VeclEE3newB4_
FNDA:1,_RNvMNtCs39mWnhFxKmJ_10autumn_web10validationINtB2_9ValidatedNtNtCsauO83Ko6oyK_5alloc6string6StringE10into_innerB4_
FNDA:1,_RNvMNtCs39mWnhFxKmJ_10autumn_web10validationINtB2_9ValidatedNtNtCsauO83Ko6oyK_5alloc6string6StringE3newB4_
FNDA:1,_RNvMNtCs39mWnhFxKmJ_10autumn_web10validationINtB2_9ValidatedNtNvNtB2_5testss_15validate_ext_ok9GoodInputE3newB4_
FNDA:0,_RNvMNtCs39mWnhFxKmJ_10autumn_web10validationINtB2_9ValidatedNtNvNtB2_5testss_16validate_ext_err8BadInputE3newB4_
FNDA:1,_RNvMNtCs39mWnhFxKmJ_10autumn_web10validationINtB2_9ValidatedlE3newB4_
FNDA:1,_RNvXs0_NtCs39mWnhFxKmJ_10autumn_web10validationINtB5_9ValidatedINtNtCsauO83Ko6oyK_5alloc3vec3VeclEEINtNtCs4kUJL3MZFFz_4core7convert5AsRefBZ_E6as_refB7_
FNDA:1,_RNvXs_NtCs39mWnhFxKmJ_10autumn_web10validationINtB4_9ValidatedNtNvNtB4_5testss_15validate_ext_ok9GoodInputENtNtNtCs4kUJL3MZFFz_4core3ops5deref5Deref5derefB6_
FNDA:1,_RNvXs_NtCs39mWnhFxKmJ_10autumn_web10validationINtB4_9ValidatedlENtNtNtCs4kUJL3MZFFz_4core3ops5deref5Deref5derefB6_
FNDA:1,_RNvXs3_NtCslNlzF6u6e2e_10autumn_web10validationINtNtCs2SFNBOiMNMK_4axum4json4JsonNtCs59JbeOYRTbv_20test_app_integration13SentinelInputENtB5_13AsValidatable14as_validatableB1j_
FNDA:1,_RNCNvXs2_NtCslNlzF6u6e2e_10autumn_web10validationINtB7_5ValidINtNtCs2SFNBOiMNMK_4axum4json4JsonNtCs59JbeOYRTbv_20test_app_integration13SentinelInputEEINtNtCsemqjQd4VUoN_9axum_core7extract11FromRequestNtNtB9_5state8AppStateE12from_request0B1x_
FNDA:1,_RNvXs2_NtCslNlzF6u6e2e_10autumn_web10validationINtB5_5ValidINtNtCs2SFNBOiMNMK_4axum4json4JsonNtCs59JbeOYRTbv_20test_app_integration13SentinelInputEEINtNtCsemqjQd4VUoN_9axum_core7extract11FromRequestNtNtB7_5state8AppStateE12from_requestB1v_
FNF:23
FNH:21
DA:43,4
DA:44,4
DA:45,4
DA:49,1
DA:50,1
DA:51,1
DA:56,2
DA:57,2
DA:58,2
DA:62,1
DA:63,1
DA:64,1
DA:81,2
DA:82,2
DA:83,1
DA:84,1
DA:85,1
DA:86,2
DA:122,1
DA:123,1
DA:124,1
DA:125,1
DA:127,1
DA:128,1
DA:129,1
DA:130,1
DA:131,1
DA:132,0
DA:134,0
DA:135,1
DA:149,1
DA:150,1
DA:151,1
DA:156,0
DA:157,0
DA:158,0
DA:163,0
DA:164,0
DA:165,0
DA:169,5
DA:170,5
DA:171,5
DA:172,5
DA:173,6
DA:174,6
DA:175,6
DA:176,6
DA:177,6
DA:178,4
DA:181,6
DA:182,6
DA:183,6
DA:184,6
DA:185,5
DA:186,5
DA:193,2
DA:194,2
DA:195,2
DA:202,1
DA:203,1
DA:204,1
DA:205,1
DA:208,1
DA:209,1
DA:210,1
DA:211,1
DA:212,1
DA:215,1
DA:216,1
DA:217,1
DA:218,1
DA:219,1
DA:222,1
DA:229,1
DA:230,1
DA:231,1
DA:232,1
DA:233,1
DA:235,1
DA:236,1
DA:237,1
DA:238,1
DA:241,1
DA:248,1
DA:249,1
DA:250,1
DA:251,1
DA:252,1
DA:253,1
DA:254,1
DA:257,1
DA:264,1
DA:265,1
DA:266,1
DA:267,1
DA:270,1
DA:277,1
DA:278,1
DA:279,1
DA:280,1
DA:281,1
DA:282,1
DA:283,1
DA:286,1
DA:289,1
DA:290,1
DA:292,1
DA:293,1
DA:295,1
DA:297,1
DA:298,1
DA:299,1
BRF:0
BRH:0
LF:115
LH:106
end_of_record